<?xml version="1.0" encoding="UTF-8"?>
<testsuite xmlns:xsi="http://www.w3.org/2001/XMLSchema-instance" xsi:noNamespaceSchemaLocation="https://maven.apache.org/surefire/maven-surefire-plugin/xsd/surefire-test-report-3.0.xsd" version="3.0" name="br.edu.ifce.meuprimeirospringboot.MeuprimeirospringbootApplicationTests" time="15.288" tests="1" errors="0" skipped="0" failures="0">
  <properties>
[...]
</properties>
  <testcase name="contextLoads" classname="br.edu.ifce.meuprimeirospringboot.MeuprimeirospringbootApplicationTests" time="1.27">
    <system-out><![CDATA[
  .   ____          _            __ _ _
 /\\ / ___'_ __ _ _(_)_ __  __ _ \ \ \ \
( ( )\___ | '_ | '_| | '_ \/ _` | \ \ \ \
 \\/  ___)| |_)| | | | | || (_| |  ) ) ) )
  '  |____| .__|_| |_|_| |_\__, | / / / /
 =========|_|==============|___/=/_/_/_/
 :: Spring Boot ::                (v3.2.3)

2025-07-02T23:02:52.236-03:00  INFO 9660 --- [Sistema de GestÃ£o AcadÃªmica] [           main] .m.MeuprimeirospringbootApplicationTests : Starting MeuprimeirospringbootApplicationTests using Java 20 with PID 9660 (started by Ray in C:\Users\Ray\Desktop\tjw2025.1)
2025-07-02T23:02:52.239-03:00  INFO 9660 --- [Sistema de GestÃ£o AcadÃªmica] [           main] .m.MeuprimeirospringbootApplicationTests : No active profile set, falling back to 1 default profile: "default"
2025-07-02T23:02:52.239-03:00 DEBUG 9660 --- [Sistema de GestÃ£o AcadÃªmica] [           main] o.s.boot.SpringApplication               : Loading source class br.com.tjw2025.Tjw2025Application
2025-07-02T23:02:52.312-03:00 DEBUG 9660 --- [Sistema de GestÃ£o AcadÃªmica] [           main] o.s.w.c.s.GenericWebApplicationContext   : Refreshing org.springframework.web.context.support.GenericWebApplicationContext@560513ce
2025-07-02T23:02:52.357-03:00 DEBUG 9660 --- [Sistema de GestÃ£o AcadÃªmica] [           main] o.s.b.f.s.DefaultListableBeanFactory     : Creating shared instance of singleton bean 'org.springframework.context.annotation.internalConfigurationAnnotationProcessor'
2025-07-02T23:02:52.396-03:00 DEBUG 9660 --- [Sistema de GestÃ£o AcadÃªmica] [           main] o.s.b.f.s.DefaultListableBeanFactory     : Creating shared instance of singleton bean 'org.springframework.boot.autoconfigure.internalCachingMetadataReaderFactory'
2025-07-02T23:02:52.518-03:00 DEBUG 9660 --- [Sistema de GestÃ£o AcadÃªmica] [           main] o.s.c.a.ClassPathBeanDefinitionScanner   : Identified candidate component class: file [C:\Users\Ray\Desktop\tjw2025.1\target\classes\br\com\tjw2025\config\WebConfig.class]
2025-07-02T23:02:52.550-03:00 DEBUG 9660 --- [Sistema de GestÃ£o AcadÃªmica] [           main] o.s.c.a.ClassPathBeanDefinitionScanner   : Identified candidate component class: file [C:\Users\Ray\Desktop\tjw2025.1\target\classes\br\com\tjw2025\controller\AcademicoController.class]
2025-07-02T23:02:52.555-03:00 DEBUG 9660 --- [Sistema de GestÃ£o AcadÃªmica] [           main] o.s.c.a.ClassPathBeanDefinitionScanner   : Identified candidate component class: file [C:\Users\Ray\Desktop\tjw2025.1\target\classes\br\com\tjw2025\controller\HomeController.class]
2025-07-02T23:02:52.576-03:00 DEBUG 9660 --- [Sistema de GestÃ£o AcadÃªmica] [           main] o.s.c.a.ClassPathBeanDefinitionScanner   : Identified candidate component class: file [C:\Users\Ray\Desktop\tjw2025.1\target\classes\br\com\tjw2025\controller\UserController.class]
2025-07-02T23:02:52.579-03:00 DEBUG 9660 --- [Sistema de GestÃ£o AcadÃªmica] [           main] o.s.c.a.ClassPathBeanDefinitionScanner   : Identified candidate component class: file [C:\Users\Ray\Desktop\tjw2025.1\target\classes\br\com\tjw2025\controller\UserViewController.class]
2025-07-02T23:02:52.609-03:00 DEBUG 9660 --- [Sistema de GestÃ£o AcadÃªmica] [           main] o.s.c.a.ClassPathBeanDefinitionScanner   : Ignored because not a concrete top-level class: file [C:\Users\Ray\Desktop\tjw2025.1\target\classes\br\com\tjw2025\repository\AlunoRepository.class]
2025-07-02T23:02:52.609-03:00 DEBUG 9660 --- [Sistema de GestÃ£o AcadÃªmica] [           main] o.s.c.a.ClassPathBeanDefinitionScanner   : Ignored because not a concrete top-level class: file [C:\Users\Ray\Desktop\tjw2025.1\target\classes\br\com\tjw2025\repository\DisciplinaRepository.class]
2025-07-02T23:02:52.615-03:00 DEBUG 9660 --- [Sistema de GestÃ£o AcadÃªmica] [           main] o.s.c.a.ClassPathBeanDefinitionScanner   : Ignored because not a concrete top-level class: file [C:\Users\Ray\Desktop\tjw2025.1\target\classes\br\com\tjw2025\repository\MatriculaRepository.class]
2025-07-02T23:02:52.615-03:00 DEBUG 9660 --- [Sistema de GestÃ£o AcadÃªmica] [           main] o.s.c.a.ClassPathBeanDefinitionScanner   : Ignored because not a concrete top-level class: file [C:\Users\Ray\Desktop\tjw2025.1\target\classes\br\com\tjw2025\repository\ProfessorRepository.class]
2025-07-02T23:02:52.620-03:00 DEBUG 9660 --- [Sistema de GestÃ£o AcadÃªmica] [           main] o.s.c.a.ClassPathBeanDefinitionScanner   : Ignored because not a concrete top-level class: file [C:\Users\Ray\Desktop\tjw2025.1\target\classes\br\com\tjw2025\repository\SemestreRepository.class]
2025-07-02T23:02:52.624-03:00 DEBUG 9660 --- [Sistema de GestÃ£o AcadÃªmica] [           main] o.s.c.a.ClassPathBeanDefinitionScanner   : Ignored because not a concrete top-level class: file [C:\Users\Ray\Desktop\tjw2025.1\target\classes\br\com\tjw2025\repository\TurmaRepository.class]
2025-07-02T23:02:52.626-03:00 DEBUG 9660 --- [Sistema de GestÃ£o AcadÃªmica] [           main] o.s.c.a.ClassPathBeanDefinitionScanner   : Ignored because not a concrete top-level class: file [C:\Users\Ray\Desktop\tjw2025.1\target\classes\br\com\tjw2025\repository\UserRepository.class]
2025-07-02T23:02:52.636-03:00 DEBUG 9660 --- [Sistema de GestÃ£o AcadÃªmica] [           main] o.s.c.a.ClassPathBeanDefinitionScanner   : Identified candidate component class: file [C:\Users\Ray\Desktop\tjw2025.1\target\classes\br\com\tjw2025\service\AlunoService.class]
2025-07-02T23:02:52.638-03:00 DEBUG 9660 --- [Sistema de GestÃ£o AcadÃªmica] [           main] o.s.c.a.ClassPathBeanDefinitionScanner   : Identified candidate component class: file [C:\Users\Ray\Desktop\tjw2025.1\target\classes\br\com\tjw2025\service\DisciplinaService.class]
2025-07-02T23:02:52.641-03:00 DEBUG 9660 --- [Sistema de GestÃ£o AcadÃªmica] [           main] o.s.c.a.ClassPathBeanDefinitionScanner   : Identified candidate component class: file [C:\Users\Ray\Desktop\tjw2025.1\target\classes\br\com\tjw2025\service\MatriculaService.class]
2025-07-02T23:02:52.641-03:00 DEBUG 9660 --- [Sistema de GestÃ£o AcadÃªmica] [           main] o.s.c.a.ClassPathBeanDefinitionScanner   : Identified candidate component class: file [C:\Users\Ray\Desktop\tjw2025.1\target\classes\br\com\tjw2025\service\ProfessorService.class]
2025-07-02T23:02:52.647-03:00 DEBUG 9660 --- [Sistema de GestÃ£o AcadÃªmica] [           main] o.s.c.a.ClassPathBeanDefinitionScanner   : Identified candidate component class: file [C:\Users\Ray\Desktop\tjw2025.1\target\classes\br\com\tjw2025\service\SemestreService.class]
2025-07-02T23:02:52.647-03:00 DEBUG 9660 --- [Sistema de GestÃ£o AcadÃªmica] [           main] o.s.c.a.ClassPathBeanDefinitionScanner   : Identified candidate component class: file [C:\Users\Ray\Desktop\tjw2025.1\target\classes\br\com\tjw2025\service\TurmaService.class]
2025-07-02T23:02:52.652-03:00 DEBUG 9660 --- [Sistema de GestÃ£o AcadÃªmica] [           main] o.s.c.a.ClassPathBeanDefinitionScanner   : Identified candidate component class: file [C:\Users\Ray\Desktop\tjw2025.1\target\classes\br\com\tjw2025\service\UserService.class]
2025-07-02T23:02:53.904-03:00  INFO 9660 --- [Sistema de GestÃ£o AcadÃªmica] [           main] .s.d.r.c.RepositoryConfigurationDelegate : Bootstrapping Spring Data JPA repositories in DEFAULT mode.
2025-07-02T23:02:53.914-03:00 DEBUG 9660 --- [Sistema de GestÃ£o AcadÃªmica] [           main] o.s.b.f.s.DefaultListableBeanFactory     : Creating shared instance of singleton bean 'org.springframework.boot.autoconfigure.AutoConfigurationPackages'
2025-07-02T23:02:53.934-03:00 DEBUG 9660 --- [Sistema de GestÃ£o AcadÃªmica] [           main] o.s.b.a.AutoConfigurationPackages        : @EnableAutoConfiguration was declared on a class in the package 'br.com.tjw2025'. Automatic @Repository and @Entity scanning is enabled.
2025-07-02T23:02:53.937-03:00 DEBUG 9660 --- [Sistema de GestÃ£o AcadÃªmica] [           main] .s.d.r.c.RepositoryConfigurationDelegate : Scanning for JPA repositories in packages br.com.tjw2025.
2025-07-02T23:02:53.962-03:00 DEBUG 9660 --- [Sistema de GestÃ£o AcadÃªmica] [           main] o.s.d.r.c.RepositoryComponentProvider    : Identified candidate component class: file [C:\Users\Ray\Desktop\tjw2025.1\target\classes\br\com\tjw2025\repository\AlunoRepository.class]
2025-07-02T23:02:53.962-03:00 DEBUG 9660 --- [Sistema de GestÃ£o AcadÃªmica] [           main] o.s.d.r.c.RepositoryComponentProvider    : Identified candidate component class: file [C:\Users\Ray\Desktop\tjw2025.1\target\classes\br\com\tjw2025\repository\DisciplinaRepository.class]
2025-07-02T23:02:53.962-03:00 DEBUG 9660 --- [Sistema de GestÃ£o AcadÃªmica] [           main] o.s.d.r.c.RepositoryComponentProvider    : Identified candidate component class: file [C:\Users\Ray\Desktop\tjw2025.1\target\classes\br\com\tjw2025\repository\MatriculaRepository.class]
2025-07-02T23:02:53.964-03:00 DEBUG 9660 --- [Sistema de GestÃ£o AcadÃªmica] [           main] o.s.d.r.c.RepositoryComponentProvider    : Identified candidate component class: file [C:\Users\Ray\Desktop\tjw2025.1\target\classes\br\com\tjw2025\repository\ProfessorRepository.class]
2025-07-02T23:02:53.964-03:00 DEBUG 9660 --- [Sistema de GestÃ£o AcadÃªmica] [           main] o.s.d.r.c.RepositoryComponentProvider    : Identified candidate component class: file [C:\Users\Ray\Desktop\tjw2025.1\target\classes\br\com\tjw2025\repository\SemestreRepository.class]
2025-07-02T23:02:53.964-03:00 DEBUG 9660 --- [Sistema de GestÃ£o AcadÃªmica] [           main] o.s.d.r.c.RepositoryComponentProvider    : Identified candidate component class: file [C:\Users\Ray\Desktop\tjw2025.1\target\classes\br\com\tjw2025\repository\TurmaRepository.class]
2025-07-02T23:02:53.964-03:00 DEBUG 9660 --- [Sistema de GestÃ£o AcadÃªmica] [           main] o.s.d.r.c.RepositoryComponentProvider    : Identified candidate component class: file [C:\Users\Ray\Desktop\tjw2025.1\target\classes\br\com\tjw2025\repository\UserRepository.class]
2025-07-02T23:02:54.063-03:00  INFO 9660 --- [Sistema de GestÃ£o AcadÃªmica] [           main] .s.d.r.c.RepositoryConfigurationDelegate : Finished Spring Data repository scanning in 121 ms. Found 7 JPA repository interfaces.
2025-07-02T23:02:54.448-03:00 DEBUG 9660 --- [Sistema de GestÃ£o AcadÃªmica] [           main] o.s.b.f.s.DefaultListableBeanFactory     : Creating shared instance of singleton bean 'propertySourcesPlaceholderConfigurer'
2025-07-02T23:02:54.456-03:00 DEBUG 9660 --- [Sistema de GestÃ£o AcadÃªmica] [           main] o.s.b.f.s.DefaultListableBeanFactory     : Creating shared instance of singleton bean 'org.springframework.boot.test.mock.mockito.MockitoPostProcessor'
2025-07-02T23:02:54.456-03:00 DEBUG 9660 --- [Sistema de GestÃ£o AcadÃªmica] [           main] o.s.b.f.s.DefaultListableBeanFactory     : Creating shared instance of singleton bean 'emBeanDefinitionRegistrarPostProcessor'
2025-07-02T23:02:54.456-03:00 DEBUG 9660 --- [Sistema de GestÃ£o AcadÃªmica] [           main] o.s.b.f.s.DefaultListableBeanFactory     : Creating shared instance of singleton bean 'org.springframework.boot.sql.init.dependency.DatabaseInitializationDependencyConfigurer$DependsOnDatabaseInitializationPostProcessor'
2025-07-02T23:02:54.570-03:00 DEBUG 9660 --- [Sistema de GestÃ£o AcadÃªmica] [           main] o.s.b.f.s.DefaultListableBeanFactory     : Creating shared instance of singleton bean 'org.springframework.context.event.internalEventListenerProcessor'
2025-07-02T23:02:54.571-03:00 DEBUG 9660 --- [Sistema de GestÃ£o AcadÃªmica] [           main] o.s.b.f.s.DefaultListableBeanFactory     : Creating shared instance of singleton bean 'preserveErrorControllerTargetClassPostProcessor'
2025-07-02T23:02:54.575-03:00 DEBUG 9660 --- [Sistema de GestÃ£o AcadÃªmica] [           main] o.s.b.f.s.DefaultListableBeanFactory     : Creating shared instance of singleton bean 'org.springframework.context.event.internalEventListenerFactory'
2025-07-02T23:02:54.575-03:00 DEBUG 9660 --- [Sistema de GestÃ£o AcadÃªmica] [           main] o.s.b.f.s.DefaultListableBeanFactory     : Creating shared instance of singleton bean 'org.springframework.transaction.config.internalTransactionalEventListenerFactory'
2025-07-02T23:02:54.582-03:00 DEBUG 9660 --- [Sistema de GestÃ£o AcadÃªmica] [           main] o.s.b.f.s.DefaultListableBeanFactory     : Creating shared instance of singleton bean 'org.springframework.boot.test.mock.mockito.MockitoPostProcessor$SpyPostProcessor'
2025-07-02T23:02:54.587-03:00 DEBUG 9660 --- [Sistema de GestÃ£o AcadÃªmica] [           main] o.s.b.f.s.DefaultListableBeanFactory     : Creating shared instance of singleton bean 'org.springframework.context.annotation.internalAutowiredAnnotationProcessor'
2025-07-02T23:02:54.592-03:00 DEBUG 9660 --- [Sistema de GestÃ£o AcadÃªmica] [           main] o.s.b.f.s.DefaultListableBeanFactory     : Creating shared instance of singleton bean 'org.springframework.context.annotation.internalCommonAnnotationProcessor'
2025-07-02T23:02:54.598-03:00 DEBUG 9660 --- [Sistema de GestÃ£o AcadÃªmica] [           main] o.s.b.f.s.DefaultListableBeanFactory     : Creating shared instance of singleton bean 'org.springframework.context.annotation.internalPersistenceAnnotationProcessor'
2025-07-02T23:02:54.598-03:00 DEBUG 9660 --- [Sistema de GestÃ£o AcadÃªmica] [           main] o.s.b.f.s.DefaultListableBeanFactory     : Creating shared instance of singleton bean 'org.springframework.boot.context.properties.ConfigurationPropertiesBindingPostProcessor'
2025-07-02T23:02:54.601-03:00 DEBUG 9660 --- [Sistema de GestÃ£o AcadÃªmica] [           main] o.s.b.f.s.DefaultListableBeanFactory     : Creating shared instance of singleton bean 'org.springframework.boot.context.internalConfigurationPropertiesBinder'
2025-07-02T23:02:54.604-03:00 DEBUG 9660 --- [Sistema de GestÃ£o AcadÃªmica] [           main] o.s.b.f.s.DefaultListableBeanFactory     : Creating shared instance of singleton bean 'jdbcConnectionDetailsHikariBeanPostProcessor'
2025-07-02T23:02:54.613-03:00 DEBUG 9660 --- [Sistema de GestÃ£o AcadÃªmica] [           main] o.s.b.f.s.DefaultListableBeanFactory     : Creating shared instance of singleton bean 'methodValidationPostProcessor'
2025-07-02T23:02:54.644-03:00 DEBUG 9660 --- [Sistema de GestÃ£o AcadÃªmica] [           main] o.s.b.f.s.DefaultListableBeanFactory     : Autowiring by type from bean name 'methodValidationPostProcessor' via factory method to bean named 'environment'
2025-07-02T23:02:54.649-03:00 DEBUG 9660 --- [Sistema de GestÃ£o AcadÃªmica] [           main] o.s.b.f.s.DefaultListableBeanFactory     : Creating shared instance of singleton bean 'org.springframework.boot.context.properties.EnableConfigurationPropertiesRegistrar.methodValidationExcludeFilter'
2025-07-02T23:02:54.685-03:00 DEBUG 9660 --- [Sistema de GestÃ£o AcadÃªmica] [           main] o.s.b.f.s.DefaultListableBeanFactory     : Creating shared instance of singleton bean 'org.springframework.aop.config.internalAutoProxyCreator'
2025-07-02T23:02:54.719-03:00 DEBUG 9660 --- [Sistema de GestÃ£o AcadÃªmica] [           main] o.s.b.f.s.DefaultListableBeanFactory     : Creating shared instance of singleton bean 'persistenceExceptionTranslationPostProcessor'
2025-07-02T23:02:54.721-03:00 DEBUG 9660 --- [Sistema de GestÃ£o AcadÃªmica] [           main] o.s.b.f.s.DefaultListableBeanFactory     : Autowiring by type from bean name 'persistenceExceptionTranslationPostProcessor' via factory method to bean named 'environment'
2025-07-02T23:02:54.726-03:00 DEBUG 9660 --- [Sistema de GestÃ£o AcadÃªmica] [           main] o.s.b.f.s.DefaultListableBeanFactory     : Creating shared instance of singleton bean 'webServerFactoryCustomizerBeanPostProcessor'
2025-07-02T23:02:54.727-03:00 DEBUG 9660 --- [Sistema de GestÃ£o AcadÃªmica] [           main] o.s.b.f.s.DefaultListableBeanFactory     : Creating shared instance of singleton bean 'errorPageRegistrarBeanPostProcessor'
2025-07-02T23:02:54.727-03:00 DEBUG 9660 --- [Sistema de GestÃ£o AcadÃªmica] [           main] o.s.b.f.s.DefaultListableBeanFactory     : Creating shared instance of singleton bean 'projectingArgumentResolverBeanPostProcessor'
2025-07-02T23:02:54.731-03:00 DEBUG 9660 --- [Sistema de GestÃ£o AcadÃªmica] [           main] o.s.b.f.s.DefaultListableBeanFactory     : Creating shared instance of singleton bean 'org.springframework.transaction.config.internalTransactionAdvisor'
2025-07-02T23:02:54.732-03:00 DEBUG 9660 --- [Sistema de GestÃ£o AcadÃªmica] [           main] o.s.b.f.s.DefaultListableBeanFactory     : Creating shared instance of singleton bean 'org.springframework.transaction.annotation.ProxyTransactionManagementConfiguration'
2025-07-02T23:02:54.753-03:00 DEBUG 9660 --- [Sistema de GestÃ£o AcadÃªmica] [           main] o.s.b.f.s.DefaultListableBeanFactory     : Creating shared instance of singleton bean 'transactionAttributeSource'
2025-07-02T23:02:54.758-03:00 DEBUG 9660 --- [Sistema de GestÃ£o AcadÃªmica] [           main] o.s.b.f.s.DefaultListableBeanFactory     : Creating shared instance of singleton bean 'transactionInterceptor'
2025-07-02T23:02:54.758-03:00 DEBUG 9660 --- [Sistema de GestÃ£o AcadÃªmica] [           main] o.s.b.f.s.DefaultListableBeanFactory     : Autowiring by type from bean name 'transactionInterceptor' via factory method to bean named 'transactionAttributeSource'
2025-07-02T23:02:54.774-03:00 DEBUG 9660 --- [Sistema de GestÃ£o AcadÃªmica] [           main] o.s.b.f.s.DefaultListableBeanFactory     : Autowiring by type from bean name 'org.springframework.transaction.config.internalTransactionAdvisor' via factory method to bean named 'transactionAttributeSource'
2025-07-02T23:02:54.774-03:00 DEBUG 9660 --- [Sistema de GestÃ£o AcadÃªmica] [           main] o.s.b.f.s.DefaultListableBeanFactory     : Autowiring by type from bean name 'org.springframework.transaction.config.internalTransactionAdvisor' via factory method to bean named 'transactionInterceptor'
2025-07-02T23:02:54.820-03:00 DEBUG 9660 --- [Sistema de GestÃ£o AcadÃªmica] [           main] o.s.u.c.s.UiApplicationContextUtils      : Unable to locate ThemeSource with name 'themeSource': using default [org.springframework.ui.context.support.ResourceBundleThemeSource@6fff46bf]
2025-07-02T23:02:54.825-03:00 DEBUG 9660 --- [Sistema de GestÃ£o AcadÃªmica] [           main] o.s.b.f.s.DefaultListableBeanFactory     : Creating shared instance of singleton bean 'entityManagerFactory'
2025-07-02T23:02:54.826-03:00 DEBUG 9660 --- [Sistema de GestÃ£o AcadÃªmica] [           main] o.s.b.f.s.DefaultListableBeanFactory     : Creating shared instance of singleton bean 'org.springframework.boot.autoconfigure.orm.jpa.HibernateJpaConfiguration'
2025-07-02T23:02:54.827-03:00 DEBUG 9660 --- [Sistema de GestÃ£o AcadÃªmica] [           main] o.s.b.f.s.DefaultListableBeanFactory     : Creating shared instance of singleton bean 'dataSource'
2025-07-02T23:02:54.827-03:00 DEBUG 9660 --- [Sistema de GestÃ£o AcadÃªmica] [           main] o.s.b.f.s.DefaultListableBeanFactory     : Creating shared instance of singleton bean 'org.springframework.boot.autoconfigure.jdbc.DataSourceConfiguration$Hikari'
2025-07-02T23:02:54.830-03:00 DEBUG 9660 --- [Sistema de GestÃ£o AcadÃªmica] [           main] o.s.b.f.s.DefaultListableBeanFactory     : Creating shared instance of singleton bean 'spring.datasource-org.springframework.boot.autoconfigure.jdbc.DataSourceProperties'
2025-07-02T23:02:54.833-03:00 DEBUG 9660 --- [Sistema de GestÃ£o AcadÃªmica] [           main] o.s.b.f.s.DefaultListableBeanFactory     : Creating shared instance of singleton bean 'org.springframework.boot.context.properties.BoundConfigurationProperties'
2025-07-02T23:02:54.876-03:00 DEBUG 9660 --- [Sistema de GestÃ£o AcadÃªmica] [           main] o.s.b.f.s.DefaultListableBeanFactory     : Creating shared instance of singleton bean 'jdbcConnectionDetails'
2025-07-02T23:02:54.876-03:00 DEBUG 9660 --- [Sistema de GestÃ£o AcadÃªmica] [           main] o.s.b.f.s.DefaultListableBeanFactory     : Creating shared instance of singleton bean 'org.springframework.boot.autoconfigure.jdbc.DataSourceAutoConfiguration$PooledDataSourceConfiguration'
2025-07-02T23:02:54.880-03:00 DEBUG 9660 --- [Sistema de GestÃ£o AcadÃªmica] [           main] o.s.b.f.s.DefaultListableBeanFactory     : Autowiring by type from bean name 'jdbcConnectionDetails' via factory method to bean named 'spring.datasource-org.springframework.boot.autoconfigure.jdbc.DataSourceProperties'
2025-07-02T23:02:54.882-03:00 DEBUG 9660 --- [Sistema de GestÃ£o AcadÃªmica] [           main] o.s.b.f.s.DefaultListableBeanFactory     : Autowiring by type from bean name 'dataSource' via factory method to bean named 'spring.datasource-org.springframework.boot.autoconfigure.jdbc.DataSourceProperties'
2025-07-02T23:02:54.882-03:00 DEBUG 9660 --- [Sistema de GestÃ£o AcadÃªmica] [           main] o.s.b.f.s.DefaultListableBeanFactory     : Autowiring by type from bean name 'dataSource' via factory method to bean named 'jdbcConnectionDetails'
2025-07-02T23:02:54.928-03:00 DEBUG 9660 --- [Sistema de GestÃ£o AcadÃªmica] [           main] o.s.b.f.s.DefaultListableBeanFactory     : Creating shared instance of singleton bean 'spring.jpa-org.springframework.boot.autoconfigure.orm.jpa.JpaProperties'
2025-07-02T23:02:54.934-03:00 DEBUG 9660 --- [Sistema de GestÃ£o AcadÃªmica] [           main] o.s.b.f.s.DefaultListableBeanFactory     : Creating shared instance of singleton bean 'spring.jpa.hibernate-org.springframework.boot.autoconfigure.orm.jpa.HibernateProperties'
2025-07-02T23:02:54.939-03:00 DEBUG 9660 --- [Sistema de GestÃ£o AcadÃªmica] [           main] o.s.b.f.s.DefaultListableBeanFactory     : Autowiring by type from bean name 'org.springframework.boot.autoconfigure.orm.jpa.HibernateJpaConfiguration' via constructor to bean named 'dataSource'
2025-07-02T23:02:54.939-03:00 DEBUG 9660 --- [Sistema de GestÃ£o AcadÃªmica] [           main] o.s.b.f.s.DefaultListableBeanFactory     : Autowiring by type from bean name 'org.springframework.boot.autoconfigure.orm.jpa.HibernateJpaConfiguration' via constructor to bean named 'spring.jpa-org.springframework.boot.autoconfigure.orm.jpa.JpaProperties'
2025-07-02T23:02:54.939-03:00 DEBUG 9660 --- [Sistema de GestÃ£o AcadÃªmica] [           main] o.s.b.f.s.DefaultListableBeanFactory     : Autowiring by type from bean name 'org.springframework.boot.autoconfigure.orm.jpa.HibernateJpaConfiguration' via constructor to bean named 'org.springframework.beans.factory.support.DefaultListableBeanFactory@44f9779c'
2025-07-02T23:02:54.939-03:00 DEBUG 9660 --- [Sistema de GestÃ£o AcadÃªmica] [           main] o.s.b.f.s.DefaultListableBeanFactory     : Autowiring by type from bean name 'org.springframework.boot.autoconfigure.orm.jpa.HibernateJpaConfiguration' via constructor to bean named 'spring.jpa.hibernate-org.springframework.boot.autoconfigure.orm.jpa.HibernateProperties'
2025-07-02T23:02:54.949-03:00 DEBUG 9660 --- [Sistema de GestÃ£o AcadÃªmica] [           main] o.s.b.f.s.DefaultListableBeanFactory     : Creating shared instance of singleton bean 'hikariPoolDataSourceMetadataProvider'
2025-07-02T23:02:54.949-03:00 DEBUG 9660 --- [Sistema de GestÃ£o AcadÃªmica] [           main] o.s.b.f.s.DefaultListableBeanFactory     : Creating shared instance of singleton bean 'org.springframework.boot.autoconfigure.jdbc.metadata.DataSourcePoolMetadataProvidersConfiguration$HikariPoolDataSourceMetadataProviderConfiguration'
2025-07-02T23:02:54.957-03:00 DEBUG 9660 --- [Sistema de GestÃ£o AcadÃªmica] [           main] o.s.b.f.s.DefaultListableBeanFactory     : Creating shared instance of singleton bean 'entityManagerFactoryBuilder'
2025-07-02T23:02:54.957-03:00 DEBUG 9660 --- [Sistema de GestÃ£o AcadÃªmica] [           main] o.s.b.f.s.DefaultListableBeanFactory     : Creating shared instance of singleton bean 'jpaVendorAdapter'
2025-07-02T23:02:54.994-03:00 DEBUG 9660 --- [Sistema de GestÃ£o AcadÃªmica] [           main] o.s.b.f.s.DefaultListableBeanFactory     : Autowiring by type from bean name 'entityManagerFactoryBuilder' via factory method to bean named 'jpaVendorAdapter'
2025-07-02T23:02:55.002-03:00 DEBUG 9660 --- [Sistema de GestÃ£o AcadÃªmica] [           main] o.s.b.f.s.DefaultListableBeanFactory     : Creating shared instance of singleton bean 'persistenceManagedTypes'
2025-07-02T23:02:55.002-03:00 DEBUG 9660 --- [Sistema de GestÃ£o AcadÃªmica] [           main] o.s.b.f.s.DefaultListableBeanFactory     : Autowiring by type from bean name 'persistenceManagedTypes' via factory method to bean named 'org.springframework.beans.factory.support.DefaultListableBeanFactory@44f9779c'
2025-07-02T23:02:55.002-03:00 DEBUG 9660 --- [Sistema de GestÃ£o AcadÃªmica] [           main] o.s.b.f.s.DefaultListableBeanFactory     : Autowiring by type from bean name 'persistenceManagedTypes' via factory method to bean named 'org.springframework.web.context.support.GenericWebApplicationContext@560513ce'
2025-07-02T23:02:55.022-03:00 DEBUG 9660 --- [Sistema de GestÃ£o AcadÃªmica] [           main] o.s.b.f.s.DefaultListableBeanFactory     : Autowiring by type from bean name 'entityManagerFactory' via factory method to bean named 'entityManagerFactoryBuilder'
2025-07-02T23:02:55.023-03:00 DEBUG 9660 --- [Sistema de GestÃ£o AcadÃªmica] [           main] o.s.b.f.s.DefaultListableBeanFactory     : Autowiring by type from bean name 'entityManagerFactory' via factory method to bean named 'persistenceManagedTypes'
2025-07-02T23:02:55.054-03:00 DEBUG 9660 --- [Sistema de GestÃ£o AcadÃªmica] [           main] j.LocalContainerEntityManagerFactoryBean : Building JPA container EntityManagerFactory for persistence unit 'default'
2025-07-02T23:02:55.095-03:00  INFO 9660 --- [Sistema de GestÃ£o AcadÃªmica] [           main] o.hibernate.jpa.internal.util.LogHelper  : HHH000204: Processing PersistenceUnitInfo [name: default]
2025-07-02T23:02:55.270-03:00  INFO 9660 --- [Sistema de GestÃ£o AcadÃªmica] [           main] org.hibernate.Version                    : HHH000412: Hibernate ORM core version 6.4.4.Final
2025-07-02T23:02:55.364-03:00  INFO 9660 --- [Sistema de GestÃ£o AcadÃªmica] [           main] o.h.c.internal.RegionFactoryInitiator    : HHH000026: Second-level cache disabled
2025-07-02T23:02:56.061-03:00  INFO 9660 --- [Sistema de GestÃ£o AcadÃªmica] [           main] o.s.o.j.p.SpringPersistenceUnitInfo      : No LoadTimeWeaver setup: ignoring JPA class transformer
2025-07-02T23:02:56.134-03:00  INFO 9660 --- [Sistema de GestÃ£o AcadÃªmica] [           main] com.zaxxer.hikari.HikariDataSource       : HikariPool-1 - Starting...
2025-07-02T23:02:56.577-03:00  INFO 9660 --- [Sistema de GestÃ£o AcadÃªmica] [           main] com.zaxxer.hikari.pool.HikariPool        : HikariPool-1 - Added connection conn0: url=jdbc:h2:mem:academicodb user=SA
2025-07-02T23:02:56.579-03:00  INFO 9660 --- [Sistema de GestÃ£o AcadÃªmica] [           main] com.zaxxer.hikari.HikariDataSource       : HikariPool-1 - Start completed.
2025-07-02T23:02:56.625-03:00  WARN 9660 --- [Sistema de GestÃ£o AcadÃªmica] [           main] org.hibernate.orm.deprecation            : HHH90000025: H2Dialect does not need to be specified explicitly using 'hibernate.dialect' (remove the property setting and it will be selected by default)
2025-07-02T23:02:59.181-03:00  INFO 9660 --- [Sistema de GestÃ£o AcadÃªmica] [           main] o.h.e.t.j.p.i.JtaPlatformInitiator       : HHH000489: No JTA platform available (set 'hibernate.transaction.jta.platform' to enable JTA platform integration)
Hibernate: drop table if exists alunos cascade 
Hibernate: drop table if exists disciplinas cascade 
Hibernate: drop table if exists matriculas cascade 
Hibernate: drop table if exists professores cascade 
Hibernate: drop table if exists semestres cascade 
Hibernate: drop table if exists turmas cascade 
Hibernate: drop table if exists users cascade 
Hibernate: create table alunos (ativo boolean not null, data_matricula date not null, data_nascimento date not null, id bigint generated by default as identity, nome varchar(100), cep varchar(255), cidade varchar(255), cpf varchar(255) unique, email varchar(255) unique, endereco varchar(255), estado varchar(255), telefone varchar(255), primary key (id))
Hibernate: create table disciplinas (ativa boolean not null, carga_horaria integer not null check (carga_horaria>=1), id bigint generated by default as identity, nome varchar(100), codigo varchar(255) unique, creditos varchar(255), ementa TEXT, pre_requisitos varchar(255), semestre varchar(255), tipo varchar(255), primary key (id))
Hibernate: create table matriculas (data_matricula date not null, aluno_id bigint not null, data_criacao timestamp(6) not null, id bigint generated by default as identity, turma_id bigint not null, observacoes varchar(255), status varchar(255) not null check (status in ('ATIVA','CANCELADA','TRANCADA','CONCLUIDA')), primary key (id))
Hibernate: create table professores (ativo boolean not null, data_contratacao date not null, data_nascimento date not null, estado varchar(2), id bigint generated by default as identity, nome varchar(100), area_atuacao varchar(255), cep varchar(255), cidade varchar(255), cpf varchar(255) unique, email varchar(255) unique, endereco varchar(255), telefone varchar(255), titulacao varchar(255), primary key (id))
Hibernate: create table semestres (ativo boolean not null, data_fim date not null, data_fim_matriculas date not null, data_inicio date not null, data_inicio_matriculas date not null, id bigint generated by default as identity, ano varchar(255), periodo varchar(255), primary key (id))
Hibernate: create table turmas (ativa boolean not null, data_fim date not null, data_inicio date not null, horario_fim time(6) not null, horario_inicio time(6) not null, vagas integer not null check (vagas>=1), vagas_ocupadas integer not null check (vagas_ocupadas>=0), disciplina_id bigint not null, id bigint generated by default as identity, professor_id bigint not null, semestre_id bigint not null, codigo varchar(255) unique, dia_semana varchar(255), sala varchar(255), primary key (id))
Hibernate: create table users (created_at timestamp(6), id bigint generated by default as identity, updated_at timestamp(6), email varchar(255) not null unique, name varchar(255) not null, password varchar(255) not null, phone varchar(255), primary key (id))
Hibernate: alter table if exists matriculas add constraint FKrwsrt4qf6q7fghkawume7g1ya foreign key (aluno_id) references alunos
Hibernate: alter table if exists matriculas add constraint FK1o9091wci3fkpenss0fj38w3a foreign key (turma_id) references turmas
Hibernate: alter table if exists turmas add constraint FKi4ox7fm11kylu25gn9ea5ew6y foreign key (disciplina_id) references disciplinas
Hibernate: alter table if exists turmas add constraint FKo3w9f6g12te764lopolc63tha foreign key (professor_id) references professores
Hibernate: alter table if exists turmas add constraint FK17o6uhv95gll1ma85prd0e08e foreign key (semestre_id) references semestres
2025-07-02T23:02:59.335-03:00  INFO 9660 --- [Sistema de GestÃ£o AcadÃªmica] [           main] j.LocalContainerEntityManagerFactoryBean : Initialized JPA EntityManagerFactory for persistence unit 'default'
2025-07-02T23:02:59.343-03:00 DEBUG 9660 --- [Sistema de GestÃ£o AcadÃªmica] [           main] o.s.b.f.s.DefaultListableBeanFactory     : Creating shared instance of singleton bean 'tjw2025Application'
2025-07-02T23:02:59.346-03:00 DEBUG 9660 --- [Sistema de GestÃ£o AcadÃªmica] [           main] o.s.b.f.s.DefaultListableBeanFactory     : Creating shared instance of singleton bean 'webConfig'
2025-07-02T23:02:59.349-03:00 DEBUG 9660 --- [Sistema de GestÃ£o AcadÃªmica] [           main] o.s.b.f.s.DefaultListableBeanFactory     : Creating shared instance of singleton bean 'academicoController'
2025-07-02T23:02:59.361-03:00 DEBUG 9660 --- [Sistema de GestÃ£o AcadÃªmica] [           main] o.s.b.f.s.DefaultListableBeanFactory     : Creating shared instance of singleton bean 'alunoService'
2025-07-02T23:02:59.362-03:00 DEBUG 9660 --- [Sistema de GestÃ£o AcadÃªmica] [           main] o.s.b.f.s.DefaultListableBeanFactory     : Creating shared instance of singleton bean 'alunoRepository'
2025-07-02T23:02:59.377-03:00 DEBUG 9660 --- [Sistema de GestÃ£o AcadÃªmica] [           main] o.s.b.f.s.DefaultListableBeanFactory     : Creating shared instance of singleton bean 'jpa.named-queries#2'
2025-07-02T23:02:59.385-03:00 DEBUG 9660 --- [Sistema de GestÃ£o AcadÃªmica] [           main] o.s.b.f.s.DefaultListableBeanFactory     : Creating shared instance of singleton bean 'jpa.AlunoRepository.fragments#0'
2025-07-02T23:02:59.400-03:00 DEBUG 9660 --- [Sistema de GestÃ£o AcadÃªmica] [           main] o.s.b.f.s.DefaultListableBeanFactory     : Creating shared instance of singleton bean 'jpaSharedEM_entityManagerFactory'
2025-07-02T23:02:59.481-03:00 DEBUG 9660 --- [Sistema de GestÃ£o AcadÃªmica] [           main] o.s.b.f.s.DefaultListableBeanFactory     : Creating shared instance of singleton bean 'jpaMappingContext'
2025-07-02T23:02:59.482-03:00 DEBUG 9660 --- [Sistema de GestÃ£o AcadÃªmica] [           main] .c.JpaMetamodelMappingContextFactoryBean : Initializing JpaMetamodelMappingContext…
2025-07-02T23:02:59.521-03:00 DEBUG 9660 --- [Sistema de GestÃ£o AcadÃªmica] [           main] .c.JpaMetamodelMappingContextFactoryBean : Finished initializing JpaMetamodelMappingContext
2025-07-02T23:02:59.594-03:00 DEBUG 9660 --- [Sistema de GestÃ£o AcadÃªmica] [           main] tor$SharedEntityManagerInvocationHandler : Creating new EntityManager for shared EntityManager invocation
2025-07-02T23:02:59.681-03:00 DEBUG 9660 --- [Sistema de GestÃ£o AcadÃªmica] [           main] tor$SharedEntityManagerInvocationHandler : Creating new EntityManager for shared EntityManager invocation
2025-07-02T23:02:59.787-03:00 DEBUG 9660 --- [Sistema de GestÃ£o AcadÃªmica] [           main] o.s.d.r.c.s.RepositoryFactorySupport     : Initializing repository instance for br.com.tjw2025.repository.AlunoRepository…
2025-07-02T23:02:59.830-03:00 DEBUG 9660 --- [Sistema de GestÃ£o AcadÃªmica] [           main] tor$SharedEntityManagerInvocationHandler : Creating new EntityManager for shared EntityManager invocation
2025-07-02T23:03:00.078-03:00 DEBUG 9660 --- [Sistema de GestÃ£o AcadÃªmica] [           main] o.s.d.jpa.repository.query.NamedQuery    : Looking up named query Aluno.countByAtivoTrue
2025-07-02T23:03:00.079-03:00 DEBUG 9660 --- [Sistema de GestÃ£o AcadÃªmica] [           main] o.s.d.jpa.repository.query.NamedQuery    : Did not find named query Aluno.countByAtivoTrue
2025-07-02T23:03:00.087-03:00 DEBUG 9660 --- [Sistema de GestÃ£o AcadÃªmica] [           main] tor$SharedEntityManagerInvocationHandler : Creating new EntityManager for shared EntityManager invocation
2025-07-02T23:03:00.411-03:00  INFO 9660 --- [Sistema de GestÃ£o AcadÃªmica] [           main] o.s.d.j.r.query.QueryEnhancerFactory     : Hibernate is in classpath; If applicable, HQL parser will be used.
2025-07-02T23:03:01.252-03:00 DEBUG 9660 --- [Sistema de GestÃ£o AcadÃªmica] [           main] o.s.d.jpa.repository.query.NamedQuery    : Did not find named query Aluno.existsByCpfExcludingId.count
2025-07-02T23:03:01.257-03:00 DEBUG 9660 --- [Sistema de GestÃ£o AcadÃªmica] [           main] tor$SharedEntityManagerInvocationHandler : Creating new EntityManager for shared EntityManager invocation
2025-07-02T23:03:01.798-03:00 DEBUG 9660 --- [Sistema de GestÃ£o AcadÃªmica] [           main] o.s.d.jpa.repository.query.NamedQuery    : Looking up named query Aluno.findByEmail
2025-07-02T23:03:01.798-03:00 DEBUG 9660 --- [Sistema de GestÃ£o AcadÃªmica] [           main] o.s.d.jpa.repository.query.NamedQuery    : Did not find named query Aluno.findByEmail
2025-07-02T23:03:01.798-03:00 DEBUG 9660 --- [Sistema de GestÃ£o AcadÃªmica] [           main] tor$SharedEntityManagerInvocationHandler : Creating new EntityManager for shared EntityManager invocation
2025-07-02T23:03:01.825-03:00 DEBUG 9660 --- [Sistema de GestÃ£o AcadÃªmica] [           main] o.s.d.jpa.repository.query.NamedQuery    : Looking up named query Aluno.findByCidadeIgnoreCase
2025-07-02T23:03:01.830-03:00 DEBUG 9660 --- [Sistema de GestÃ£o AcadÃªmica] [           main] o.s.d.jpa.repository.query.NamedQuery    : Did not find named query Aluno.findByCidadeIgnoreCase
2025-07-02T23:03:01.830-03:00 DEBUG 9660 --- [Sistema de GestÃ£o AcadÃªmica] [           main] tor$SharedEntityManagerInvocationHandler : Creating new EntityManager for shared EntityManager invocation
2025-07-02T23:03:01.837-03:00 DEBUG 9660 --- [Sistema de GestÃ£o AcadÃªmica] [           main] o.s.d.jpa.repository.query.NamedQuery    : Looking up named query Aluno.countByAtivoFalse
2025-07-02T23:03:01.837-03:00 DEBUG 9660 --- [Sistema de GestÃ£o AcadÃªmica] [           main] o.s.d.jpa.repository.query.NamedQuery    : Did not find named query Aluno.countByAtivoFalse
2025-07-02T23:03:01.837-03:00 DEBUG 9660 --- [Sistema de GestÃ£o AcadÃªmica] [           main] tor$SharedEntityManagerInvocationHandler : Creating new EntityManager for shared EntityManager invocation
2025-07-02T23:03:01.838-03:00 DEBUG 9660 --- [Sistema de GestÃ£o AcadÃªmica] [           main] o.s.d.jpa.repository.query.NamedQuery    : Looking up named query Aluno.findByEstadoIgnoreCase
2025-07-02T23:03:01.838-03:00 DEBUG 9660 --- [Sistema de GestÃ£o AcadÃªmica] [           main] o.s.d.jpa.repository.query.NamedQuery    : Did not find named query Aluno.findByEstadoIgnoreCase
2025-07-02T23:03:01.838-03:00 DEBUG 9660 --- [Sistema de GestÃ£o AcadÃªmica] [           main] tor$SharedEntityManagerInvocationHandler : Creating new EntityManager for shared EntityManager invocation
2025-07-02T23:03:01.838-03:00 DEBUG 9660 --- [Sistema de GestÃ£o AcadÃªmica] [           main] o.s.d.jpa.repository.query.NamedQuery    : Looking up named query Aluno.findByAtivoFalse
2025-07-02T23:03:01.838-03:00 DEBUG 9660 --- [Sistema de GestÃ£o AcadÃªmica] [           main] o.s.d.jpa.repository.query.NamedQuery    : Did not find named query Aluno.findByAtivoFalse
2025-07-02T23:03:01.838-03:00 DEBUG 9660 --- [Sistema de GestÃ£o AcadÃªmica] [           main] tor$SharedEntityManagerInvocationHandler : Creating new EntityManager for shared EntityManager invocation
2025-07-02T23:03:01.838-03:00 DEBUG 9660 --- [Sistema de GestÃ£o AcadÃªmica] [           main] o.s.d.jpa.repository.query.NamedQuery    : Looking up named query Aluno.findByAtivoTrue
2025-07-02T23:03:01.847-03:00 DEBUG 9660 --- [Sistema de GestÃ£o AcadÃªmica] [           main] o.s.d.jpa.repository.query.NamedQuery    : Did not find named query Aluno.findByAtivoTrue
2025-07-02T23:03:01.847-03:00 DEBUG 9660 --- [Sistema de GestÃ£o AcadÃªmica] [           main] tor$SharedEntityManagerInvocationHandler : Creating new EntityManager for shared EntityManager invocation
2025-07-02T23:03:01.847-03:00 DEBUG 9660 --- [Sistema de GestÃ£o AcadÃªmica] [           main] o.s.d.jpa.repository.query.NamedQuery    : Looking up named query Aluno.findByNomeContainingIgnoreCase
2025-07-02T23:03:01.847-03:00 DEBUG 9660 --- [Sistema de GestÃ£o AcadÃªmica] [           main] o.s.d.jpa.repository.query.NamedQuery    : Did not find named query Aluno.findByNomeContainingIgnoreCase
2025-07-02T23:03:01.847-03:00 DEBUG 9660 --- [Sistema de GestÃ£o AcadÃªmica] [           main] tor$SharedEntityManagerInvocationHandler : Creating new EntityManager for shared EntityManager invocation
2025-07-02T23:03:01.855-03:00 DEBUG 9660 --- [Sistema de GestÃ£o AcadÃªmica] [           main] o.s.d.jpa.repository.query.NamedQuery    : Looking up named query Aluno.findByCpf
2025-07-02T23:03:01.855-03:00 DEBUG 9660 --- [Sistema de GestÃ£o AcadÃªmica] [           main] o.s.d.jpa.repository.query.NamedQuery    : Did not find named query Aluno.findByCpf
2025-07-02T23:03:01.855-03:00 DEBUG 9660 --- [Sistema de GestÃ£o AcadÃªmica] [           main] tor$SharedEntityManagerInvocationHandler : Creating new EntityManager for shared EntityManager invocation
2025-07-02T23:03:01.863-03:00 DEBUG 9660 --- [Sistema de GestÃ£o AcadÃªmica] [           main] o.s.d.jpa.repository.query.NamedQuery    : Did not find named query Aluno.existsByEmailExcludingId.count
2025-07-02T23:03:01.865-03:00 DEBUG 9660 --- [Sistema de GestÃ£o AcadÃªmica] [           main] tor$SharedEntityManagerInvocationHandler : Creating new EntityManager for shared EntityManager invocation
2025-07-02T23:03:01.901-03:00 DEBUG 9660 --- [Sistema de GestÃ£o AcadÃªmica] [           main] o.s.d.jpa.repository.query.NamedQuery    : Did not find named query Aluno.findByAnoMatricula.count
2025-07-02T23:03:01.901-03:00 DEBUG 9660 --- [Sistema de GestÃ£o AcadÃªmica] [           main] tor$SharedEntityManagerInvocationHandler : Creating new EntityManager for shared EntityManager invocation
2025-07-02T23:03:01.990-03:00 DEBUG 9660 --- [Sistema de GestÃ£o AcadÃªmica] [           main] o.s.d.r.c.s.RepositoryFactorySupport     : Finished creation of repository instance for br.com.tjw2025.repository.AlunoRepository.
2025-07-02T23:03:02.063-03:00 DEBUG 9660 --- [Sistema de GestÃ£o AcadÃªmica] [           main] o.s.b.f.s.DefaultListableBeanFactory     : Creating shared instance of singleton bean 'professorService'
2025-07-02T23:03:02.063-03:00 DEBUG 9660 --- [Sistema de GestÃ£o AcadÃªmica] [           main] o.s.b.f.s.DefaultListableBeanFactory     : Creating shared instance of singleton bean 'professorRepository'
2025-07-02T23:03:02.067-03:00 DEBUG 9660 --- [Sistema de GestÃ£o AcadÃªmica] [           main] o.s.b.f.s.DefaultListableBeanFactory     : Creating shared instance of singleton bean 'jpa.named-queries#5'
2025-07-02T23:03:02.070-03:00 DEBUG 9660 --- [Sistema de GestÃ£o AcadÃªmica] [           main] o.s.b.f.s.DefaultListableBeanFactory     : Creating shared instance of singleton bean 'jpa.ProfessorRepository.fragments#0'
2025-07-02T23:03:02.070-03:00 DEBUG 9660 --- [Sistema de GestÃ£o AcadÃªmica] [           main] tor$SharedEntityManagerInvocationHandler : Creating new EntityManager for shared EntityManager invocation
2025-07-02T23:03:02.086-03:00 DEBUG 9660 --- [Sistema de GestÃ£o AcadÃªmica] [           main] o.s.d.r.c.s.RepositoryFactorySupport     : Initializing repository instance for br.com.tjw2025.repository.ProfessorRepository…
2025-07-02T23:03:02.086-03:00 DEBUG 9660 --- [Sistema de GestÃ£o AcadÃªmica] [           main] tor$SharedEntityManagerInvocationHandler : Creating new EntityManager for shared EntityManager invocation
2025-07-02T23:03:02.139-03:00 DEBUG 9660 --- [Sistema de GestÃ£o AcadÃªmica] [           main] o.s.d.jpa.repository.query.NamedQuery    : Looking up named query Professor.findByAtivoFalse
2025-07-02T23:03:02.145-03:00 DEBUG 9660 --- [Sistema de GestÃ£o AcadÃªmica] [           main] o.s.d.jpa.repository.query.NamedQuery    : Did not find named query Professor.findByAtivoFalse
2025-07-02T23:03:02.145-03:00 DEBUG 9660 --- [Sistema de GestÃ£o AcadÃªmica] [           main] tor$SharedEntityManagerInvocationHandler : Creating new EntityManager for shared EntityManager invocation
2025-07-02T23:03:02.148-03:00 DEBUG 9660 --- [Sistema de GestÃ£o AcadÃªmica] [           main] o.s.d.jpa.repository.query.NamedQuery    : Looking up named query Professor.findByAreaAtuacaoContainingIgnoreCase
2025-07-02T23:03:02.148-03:00 DEBUG 9660 --- [Sistema de GestÃ£o AcadÃªmica] [           main] o.s.d.jpa.repository.query.NamedQuery    : Did not find named query Professor.findByAreaAtuacaoContainingIgnoreCase
2025-07-02T23:03:02.149-03:00 DEBUG 9660 --- [Sistema de GestÃ£o AcadÃªmica] [           main] tor$SharedEntityManagerInvocationHandler : Creating new EntityManager for shared EntityManager invocation
2025-07-02T23:03:02.149-03:00 DEBUG 9660 --- [Sistema de GestÃ£o AcadÃªmica] [           main] o.s.d.jpa.repository.query.NamedQuery    : Looking up named query Professor.findByAtivoTrue
2025-07-02T23:03:02.151-03:00 DEBUG 9660 --- [Sistema de GestÃ£o AcadÃªmica] [           main] o.s.d.jpa.repository.query.NamedQuery    : Did not find named query Professor.findByAtivoTrue
2025-07-02T23:03:02.151-03:00 DEBUG 9660 --- [Sistema de GestÃ£o AcadÃªmica] [           main] tor$SharedEntityManagerInvocationHandler : Creating new EntityManager for shared EntityManager invocation
2025-07-02T23:03:02.153-03:00 DEBUG 9660 --- [Sistema de GestÃ£o AcadÃªmica] [           main] o.s.d.jpa.repository.query.NamedQuery    : Looking up named query Professor.findByEmail
2025-07-02T23:03:02.154-03:00 DEBUG 9660 --- [Sistema de GestÃ£o AcadÃªmica] [           main] o.s.d.jpa.repository.query.NamedQuery    : Did not find named query Professor.findByEmail
2025-07-02T23:03:02.154-03:00 DEBUG 9660 --- [Sistema de GestÃ£o AcadÃªmica] [           main] tor$SharedEntityManagerInvocationHandler : Creating new EntityManager for shared EntityManager invocation
2025-07-02T23:03:02.157-03:00 DEBUG 9660 --- [Sistema de GestÃ£o AcadÃªmica] [           main] o.s.d.jpa.repository.query.NamedQuery    : Looking up named query Professor.findByEstadoIgnoreCase
2025-07-02T23:03:02.157-03:00 DEBUG 9660 --- [Sistema de GestÃ£o AcadÃªmica] [           main] o.s.d.jpa.repository.query.NamedQuery    : Did not find named query Professor.findByEstadoIgnoreCase
2025-07-02T23:03:02.157-03:00 DEBUG 9660 --- [Sistema de GestÃ£o AcadÃªmica] [           main] tor$SharedEntityManagerInvocationHandler : Creating new EntityManager for shared EntityManager invocation
2025-07-02T23:03:02.161-03:00 DEBUG 9660 --- [Sistema de GestÃ£o AcadÃªmica] [           main] o.s.d.jpa.repository.query.NamedQuery    : Looking up named query Professor.countByAtivoFalse
2025-07-02T23:03:02.161-03:00 DEBUG 9660 --- [Sistema de GestÃ£o AcadÃªmica] [           main] o.s.d.jpa.repository.query.NamedQuery    : Did not find named query Professor.countByAtivoFalse
2025-07-02T23:03:02.161-03:00 DEBUG 9660 --- [Sistema de GestÃ£o AcadÃªmica] [           main] tor$SharedEntityManagerInvocationHandler : Creating new EntityManager for shared EntityManager invocation
2025-07-02T23:03:02.163-03:00 DEBUG 9660 --- [Sistema de GestÃ£o AcadÃªmica] [           main] o.s.d.jpa.repository.query.NamedQuery    : Looking up named query Professor.findByNomeContainingIgnoreCase
2025-07-02T23:03:02.163-03:00 DEBUG 9660 --- [Sistema de GestÃ£o AcadÃªmica] [           main] o.s.d.jpa.repository.query.NamedQuery    : Did not find named query Professor.findByNomeContainingIgnoreCase
2025-07-02T23:03:02.163-03:00 DEBUG 9660 --- [Sistema de GestÃ£o AcadÃªmica] [           main] tor$SharedEntityManagerInvocationHandler : Creating new EntityManager for shared EntityManager invocation
2025-07-02T23:03:02.166-03:00 DEBUG 9660 --- [Sistema de GestÃ£o AcadÃªmica] [           main] o.s.d.jpa.repository.query.NamedQuery    : Looking up named query Professor.findByCpf
2025-07-02T23:03:02.166-03:00 DEBUG 9660 --- [Sistema de GestÃ£o AcadÃªmica] [           main] o.s.d.jpa.repository.query.NamedQuery    : Did not find named query Professor.findByCpf
2025-07-02T23:03:02.166-03:00 DEBUG 9660 --- [Sistema de GestÃ£o AcadÃªmica] [           main] tor$SharedEntityManagerInvocationHandler : Creating new EntityManager for shared EntityManager invocation
2025-07-02T23:03:02.169-03:00 DEBUG 9660 --- [Sistema de GestÃ£o AcadÃªmica] [           main] o.s.d.jpa.repository.query.NamedQuery    : Looking up named query Professor.findByTitulacaoContainingIgnoreCase
2025-07-02T23:03:02.169-03:00 DEBUG 9660 --- [Sistema de GestÃ£o AcadÃªmica] [           main] o.s.d.jpa.repository.query.NamedQuery    : Did not find named query Professor.findByTitulacaoContainingIgnoreCase
2025-07-02T23:03:02.169-03:00 DEBUG 9660 --- [Sistema de GestÃ£o AcadÃªmica] [           main] tor$SharedEntityManagerInvocationHandler : Creating new EntityManager for shared EntityManager invocation
2025-07-02T23:03:02.176-03:00 DEBUG 9660 --- [Sistema de GestÃ£o AcadÃªmica] [           main] o.s.d.jpa.repository.query.NamedQuery    : Did not find named query Professor.existsByEmailExcludingId.count
2025-07-02T23:03:02.177-03:00 DEBUG 9660 --- [Sistema de GestÃ£o AcadÃªmica] [           main] tor$SharedEntityManagerInvocationHandler : Creating new EntityManager for shared EntityManager invocation
2025-07-02T23:03:02.188-03:00 DEBUG 9660 --- [Sistema de GestÃ£o AcadÃªmica] [           main] o.s.d.jpa.repository.query.NamedQuery    : Did not find named query Professor.findDistinctAreaAtuacao.count
2025-07-02T23:03:02.188-03:00 DEBUG 9660 --- [Sistema de GestÃ£o AcadÃªmica] [           main] tor$SharedEntityManagerInvocationHandler : Creating new EntityManager for shared EntityManager invocation
2025-07-02T23:03:02.204-03:00 DEBUG 9660 --- [Sistema de GestÃ£o AcadÃªmica] [           main] o.s.d.jpa.repository.query.NamedQuery    : Looking up named query Professor.countByAtivoTrue
2025-07-02T23:03:02.204-03:00 DEBUG 9660 --- [Sistema de GestÃ£o AcadÃªmica] [           main] o.s.d.jpa.repository.query.NamedQuery    : Did not find named query Professor.countByAtivoTrue
2025-07-02T23:03:02.204-03:00 DEBUG 9660 --- [Sistema de GestÃ£o AcadÃªmica] [           main] tor$SharedEntityManagerInvocationHandler : Creating new EntityManager for shared EntityManager invocation
2025-07-02T23:03:02.209-03:00 DEBUG 9660 --- [Sistema de GestÃ£o AcadÃªmica] [           main] o.s.d.jpa.repository.query.NamedQuery    : Did not find named query Professor.existsByCpfExcludingId.count
2025-07-02T23:03:02.212-03:00 DEBUG 9660 --- [Sistema de GestÃ£o AcadÃªmica] [           main] tor$SharedEntityManagerInvocationHandler : Creating new EntityManager for shared EntityManager invocation
2025-07-02T23:03:02.215-03:00 DEBUG 9660 --- [Sistema de GestÃ£o AcadÃªmica] [           main] o.s.d.jpa.repository.query.NamedQuery    : Did not find named query Professor.findDistinctTitulacao.count
2025-07-02T23:03:02.215-03:00 DEBUG 9660 --- [Sistema de GestÃ£o AcadÃªmica] [           main] tor$SharedEntityManagerInvocationHandler : Creating new EntityManager for shared EntityManager invocation
2025-07-02T23:03:02.219-03:00 DEBUG 9660 --- [Sistema de GestÃ£o AcadÃªmica] [           main] o.s.d.jpa.repository.query.NamedQuery    : Looking up named query Professor.findByCidadeIgnoreCase
2025-07-02T23:03:02.222-03:00 DEBUG 9660 --- [Sistema de GestÃ£o AcadÃªmica] [           main] o.s.d.jpa.repository.query.NamedQuery    : Did not find named query Professor.findByCidadeIgnoreCase
2025-07-02T23:03:02.222-03:00 DEBUG 9660 --- [Sistema de GestÃ£o AcadÃªmica] [           main] tor$SharedEntityManagerInvocationHandler : Creating new EntityManager for shared EntityManager invocation
2025-07-02T23:03:02.230-03:00 DEBUG 9660 --- [Sistema de GestÃ£o AcadÃªmica] [           main] o.s.d.r.c.s.RepositoryFactorySupport     : Finished creation of repository instance for br.com.tjw2025.repository.ProfessorRepository.
2025-07-02T23:03:02.253-03:00 DEBUG 9660 --- [Sistema de GestÃ£o AcadÃªmica] [           main] o.s.b.f.s.DefaultListableBeanFactory     : Creating shared instance of singleton bean 'disciplinaService'
2025-07-02T23:03:02.256-03:00 DEBUG 9660 --- [Sistema de GestÃ£o AcadÃªmica] [           main] o.s.b.f.s.DefaultListableBeanFactory     : Creating shared instance of singleton bean 'disciplinaRepository'
2025-07-02T23:03:02.259-03:00 DEBUG 9660 --- [Sistema de GestÃ£o AcadÃªmica] [           main] o.s.b.f.s.DefaultListableBeanFactory     : Creating shared instance of singleton bean 'jpa.named-queries#1'
2025-07-02T23:03:02.261-03:00 DEBUG 9660 --- [Sistema de GestÃ£o AcadÃªmica] [           main] o.s.b.f.s.DefaultListableBeanFactory     : Creating shared instance of singleton bean 'jpa.DisciplinaRepository.fragments#0'
2025-07-02T23:03:02.262-03:00 DEBUG 9660 --- [Sistema de GestÃ£o AcadÃªmica] [           main] tor$SharedEntityManagerInvocationHandler : Creating new EntityManager for shared EntityManager invocation
2025-07-02T23:03:02.273-03:00 DEBUG 9660 --- [Sistema de GestÃ£o AcadÃªmica] [           main] o.s.d.r.c.s.RepositoryFactorySupport     : Initializing repository instance for br.com.tjw2025.repository.DisciplinaRepository…
2025-07-02T23:03:02.274-03:00 DEBUG 9660 --- [Sistema de GestÃ£o AcadÃªmica] [           main] tor$SharedEntityManagerInvocationHandler : Creating new EntityManager for shared EntityManager invocation
2025-07-02T23:03:02.351-03:00 DEBUG 9660 --- [Sistema de GestÃ£o AcadÃªmica] [           main] o.s.d.jpa.repository.query.NamedQuery    : Looking up named query Disciplina.countByAtivaTrue
2025-07-02T23:03:02.351-03:00 DEBUG 9660 --- [Sistema de GestÃ£o AcadÃªmica] [           main] o.s.d.jpa.repository.query.NamedQuery    : Did not find named query Disciplina.countByAtivaTrue
2025-07-02T23:03:02.358-03:00 DEBUG 9660 --- [Sistema de GestÃ£o AcadÃªmica] [           main] tor$SharedEntityManagerInvocationHandler : Creating new EntityManager for shared EntityManager invocation
2025-07-02T23:03:02.359-03:00 DEBUG 9660 --- [Sistema de GestÃ£o AcadÃªmica] [           main] o.s.d.jpa.repository.query.NamedQuery    : Looking up named query Disciplina.findByTipoContainingIgnoreCase
2025-07-02T23:03:02.359-03:00 DEBUG 9660 --- [Sistema de GestÃ£o AcadÃªmica] [           main] o.s.d.jpa.repository.query.NamedQuery    : Did not find named query Disciplina.findByTipoContainingIgnoreCase
2025-07-02T23:03:02.359-03:00 DEBUG 9660 --- [Sistema de GestÃ£o AcadÃªmica] [           main] tor$SharedEntityManagerInvocationHandler : Creating new EntityManager for shared EntityManager invocation
2025-07-02T23:03:02.362-03:00 DEBUG 9660 --- [Sistema de GestÃ£o AcadÃªmica] [           main] o.s.d.jpa.repository.query.NamedQuery    : Looking up named query Disciplina.findByAtivaFalse
2025-07-02T23:03:02.362-03:00 DEBUG 9660 --- [Sistema de GestÃ£o AcadÃªmica] [           main] o.s.d.jpa.repository.query.NamedQuery    : Did not find named query Disciplina.findByAtivaFalse
2025-07-02T23:03:02.362-03:00 DEBUG 9660 --- [Sistema de GestÃ£o AcadÃªmica] [           main] tor$SharedEntityManagerInvocationHandler : Creating new EntityManager for shared EntityManager invocation
2025-07-02T23:03:02.362-03:00 DEBUG 9660 --- [Sistema de GestÃ£o AcadÃªmica] [           main] o.s.d.jpa.repository.query.NamedQuery    : Looking up named query Disciplina.findByCargaHorariaLessThan
2025-07-02T23:03:02.367-03:00 DEBUG 9660 --- [Sistema de GestÃ£o AcadÃªmica] [           main] o.s.d.jpa.repository.query.NamedQuery    : Did not find named query Disciplina.findByCargaHorariaLessThan
2025-07-02T23:03:02.367-03:00 DEBUG 9660 --- [Sistema de GestÃ£o AcadÃªmica] [           main] tor$SharedEntityManagerInvocationHandler : Creating new EntityManager for shared EntityManager invocation
2025-07-02T23:03:02.369-03:00 DEBUG 9660 --- [Sistema de GestÃ£o AcadÃªmica] [           main] o.s.d.jpa.repository.query.NamedQuery    : Did not find named query Disciplina.findDistinctSemestre.count
2025-07-02T23:03:02.369-03:00 DEBUG 9660 --- [Sistema de GestÃ£o AcadÃªmica] [           main] tor$SharedEntityManagerInvocationHandler : Creating new EntityManager for shared EntityManager invocation
2025-07-02T23:03:02.375-03:00 DEBUG 9660 --- [Sistema de GestÃ£o AcadÃªmica] [           main] o.s.d.jpa.repository.query.NamedQuery    : Did not find named query Disciplina.existsByCodigoExcludingId.count
2025-07-02T23:03:02.379-03:00 DEBUG 9660 --- [Sistema de GestÃ£o AcadÃªmica] [           main] tor$SharedEntityManagerInvocationHandler : Creating new EntityManager for shared EntityManager invocation
2025-07-02T23:03:02.384-03:00 DEBUG 9660 --- [Sistema de GestÃ£o AcadÃªmica] [           main] o.s.d.jpa.repository.query.NamedQuery    : Did not find named query Disciplina.findDistinctTipo.count
2025-07-02T23:03:02.384-03:00 DEBUG 9660 --- [Sistema de GestÃ£o AcadÃªmica] [           main] tor$SharedEntityManagerInvocationHandler : Creating new EntityManager for shared EntityManager invocation
2025-07-02T23:03:02.389-03:00 DEBUG 9660 --- [Sistema de GestÃ£o AcadÃªmica] [           main] o.s.d.jpa.repository.query.NamedQuery    : Looking up named query Disciplina.countByAtivaFalse
2025-07-02T23:03:02.389-03:00 DEBUG 9660 --- [Sistema de GestÃ£o AcadÃªmica] [           main] o.s.d.jpa.repository.query.NamedQuery    : Did not find named query Disciplina.countByAtivaFalse
2025-07-02T23:03:02.389-03:00 DEBUG 9660 --- [Sistema de GestÃ£o AcadÃªmica] [           main] tor$SharedEntityManagerInvocationHandler : Creating new EntityManager for shared EntityManager invocation
2025-07-02T23:03:02.392-03:00 DEBUG 9660 --- [Sistema de GestÃ£o AcadÃªmica] [           main] o.s.d.jpa.repository.query.NamedQuery    : Looking up named query Disciplina.findByCargaHorariaGreaterThan
2025-07-02T23:03:02.392-03:00 DEBUG 9660 --- [Sistema de GestÃ£o AcadÃªmica] [           main] o.s.d.jpa.repository.query.NamedQuery    : Did not find named query Disciplina.findByCargaHorariaGreaterThan
2025-07-02T23:03:02.395-03:00 DEBUG 9660 --- [Sistema de GestÃ£o AcadÃªmica] [           main] tor$SharedEntityManagerInvocationHandler : Creating new EntityManager for shared EntityManager invocation
2025-07-02T23:03:02.395-03:00 DEBUG 9660 --- [Sistema de GestÃ£o AcadÃªmica] [           main] o.s.d.jpa.repository.query.NamedQuery    : Looking up named query Disciplina.findByCodigo
2025-07-02T23:03:02.395-03:00 DEBUG 9660 --- [Sistema de GestÃ£o AcadÃªmica] [           main] o.s.d.jpa.repository.query.NamedQuery    : Did not find named query Disciplina.findByCodigo
2025-07-02T23:03:02.400-03:00 DEBUG 9660 --- [Sistema de GestÃ£o AcadÃªmica] [           main] tor$SharedEntityManagerInvocationHandler : Creating new EntityManager for shared EntityManager invocation
2025-07-02T23:03:02.401-03:00 DEBUG 9660 --- [Sistema de GestÃ£o AcadÃªmica] [           main] o.s.d.jpa.repository.query.NamedQuery    : Looking up named query Disciplina.findAllByOrderByNomeAsc
2025-07-02T23:03:02.403-03:00 DEBUG 9660 --- [Sistema de GestÃ£o AcadÃªmica] [           main] o.s.d.jpa.repository.query.NamedQuery    : Did not find named query Disciplina.findAllByOrderByNomeAsc
2025-07-02T23:03:02.403-03:00 DEBUG 9660 --- [Sistema de GestÃ£o AcadÃªmica] [           main] tor$SharedEntityManagerInvocationHandler : Creating new EntityManager for shared EntityManager invocation
2025-07-02T23:03:02.412-03:00 DEBUG 9660 --- [Sistema de GestÃ£o AcadÃªmica] [           main] o.s.d.jpa.repository.query.NamedQuery    : Looking up named query Disciplina.findByCargaHoraria
2025-07-02T23:03:02.414-03:00 DEBUG 9660 --- [Sistema de GestÃ£o AcadÃªmica] [           main] o.s.d.jpa.repository.query.NamedQuery    : Did not find named query Disciplina.findByCargaHoraria
2025-07-02T23:03:02.414-03:00 DEBUG 9660 --- [Sistema de GestÃ£o AcadÃªmica] [           main] tor$SharedEntityManagerInvocationHandler : Creating new EntityManager for shared EntityManager invocation
2025-07-02T23:03:02.414-03:00 DEBUG 9660 --- [Sistema de GestÃ£o AcadÃªmica] [           main] o.s.d.jpa.repository.query.NamedQuery    : Looking up named query Disciplina.findByAtivaTrue
2025-07-02T23:03:02.416-03:00 DEBUG 9660 --- [Sistema de GestÃ£o AcadÃªmica] [           main] o.s.d.jpa.repository.query.NamedQuery    : Did not find named query Disciplina.findByAtivaTrue
2025-07-02T23:03:02.416-03:00 DEBUG 9660 --- [Sistema de GestÃ£o AcadÃªmica] [           main] tor$SharedEntityManagerInvocationHandler : Creating new EntityManager for shared EntityManager invocation
2025-07-02T23:03:02.418-03:00 DEBUG 9660 --- [Sistema de GestÃ£o AcadÃªmica] [           main] o.s.d.jpa.repository.query.NamedQuery    : Looking up named query Disciplina.findByAtivaTrueOrderByNomeAsc
2025-07-02T23:03:02.419-03:00 DEBUG 9660 --- [Sistema de GestÃ£o AcadÃªmica] [           main] o.s.d.jpa.repository.query.NamedQuery    : Did not find named query Disciplina.findByAtivaTrueOrderByNomeAsc
2025-07-02T23:03:02.419-03:00 DEBUG 9660 --- [Sistema de GestÃ£o AcadÃªmica] [           main] tor$SharedEntityManagerInvocationHandler : Creating new EntityManager for shared EntityManager invocation
2025-07-02T23:03:02.421-03:00 DEBUG 9660 --- [Sistema de GestÃ£o AcadÃªmica] [           main] o.s.d.jpa.repository.query.NamedQuery    : Looking up named query Disciplina.findByNomeContainingIgnoreCase
2025-07-02T23:03:02.421-03:00 DEBUG 9660 --- [Sistema de GestÃ£o AcadÃªmica] [           main] o.s.d.jpa.repository.query.NamedQuery    : Did not find named query Disciplina.findByNomeContainingIgnoreCase
2025-07-02T23:03:02.422-03:00 DEBUG 9660 --- [Sistema de GestÃ£o AcadÃªmica] [           main] tor$SharedEntityManagerInvocationHandler : Creating new EntityManager for shared EntityManager invocation
2025-07-02T23:03:02.422-03:00 DEBUG 9660 --- [Sistema de GestÃ£o AcadÃªmica] [           main] o.s.d.jpa.repository.query.NamedQuery    : Looking up named query Disciplina.findBySemestre
2025-07-02T23:03:02.426-03:00 DEBUG 9660 --- [Sistema de GestÃ£o AcadÃªmica] [           main] o.s.d.jpa.repository.query.NamedQuery    : Did not find named query Disciplina.findBySemestre
2025-07-02T23:03:02.426-03:00 DEBUG 9660 --- [Sistema de GestÃ£o AcadÃªmica] [           main] tor$SharedEntityManagerInvocationHandler : Creating new EntityManager for shared EntityManager invocation
2025-07-02T23:03:02.433-03:00 DEBUG 9660 --- [Sistema de GestÃ£o AcadÃªmica] [           main] o.s.d.r.c.s.RepositoryFactorySupport     : Finished creation of repository instance for br.com.tjw2025.repository.DisciplinaRepository.
2025-07-02T23:03:02.452-03:00 DEBUG 9660 --- [Sistema de GestÃ£o AcadÃªmica] [           main] o.s.b.f.s.DefaultListableBeanFactory     : Creating shared instance of singleton bean 'semestreService'
2025-07-02T23:03:02.454-03:00 DEBUG 9660 --- [Sistema de GestÃ£o AcadÃªmica] [           main] o.s.b.f.s.DefaultListableBeanFactory     : Creating shared instance of singleton bean 'semestreRepository'
2025-07-02T23:03:02.456-03:00 DEBUG 9660 --- [Sistema de GestÃ£o AcadÃªmica] [           main] o.s.b.f.s.DefaultListableBeanFactory     : Creating shared instance of singleton bean 'jpa.named-queries#3'
2025-07-02T23:03:02.456-03:00 DEBUG 9660 --- [Sistema de GestÃ£o AcadÃªmica] [           main] o.s.b.f.s.DefaultListableBeanFactory     : Creating shared instance of singleton bean 'jpa.SemestreRepository.fragments#0'
2025-07-02T23:03:02.458-03:00 DEBUG 9660 --- [Sistema de GestÃ£o AcadÃªmica] [           main] tor$SharedEntityManagerInvocationHandler : Creating new EntityManager for shared EntityManager invocation
2025-07-02T23:03:02.465-03:00 DEBUG 9660 --- [Sistema de GestÃ£o AcadÃªmica] [           main] o.s.d.r.c.s.RepositoryFactorySupport     : Initializing repository instance for br.com.tjw2025.repository.SemestreRepository…
2025-07-02T23:03:02.466-03:00 DEBUG 9660 --- [Sistema de GestÃ£o AcadÃªmica] [           main] tor$SharedEntityManagerInvocationHandler : Creating new EntityManager for shared EntityManager invocation
2025-07-02T23:03:02.497-03:00 DEBUG 9660 --- [Sistema de GestÃ£o AcadÃªmica] [           main] o.s.d.jpa.repository.query.NamedQuery    : Looking up named query Semestre.findByPeriodo
2025-07-02T23:03:02.497-03:00 DEBUG 9660 --- [Sistema de GestÃ£o AcadÃªmica] [           main] o.s.d.jpa.repository.query.NamedQuery    : Did not find named query Semestre.findByPeriodo
2025-07-02T23:03:02.497-03:00 DEBUG 9660 --- [Sistema de GestÃ£o AcadÃªmica] [           main] tor$SharedEntityManagerInvocationHandler : Creating new EntityManager for shared EntityManager invocation
2025-07-02T23:03:02.504-03:00 DEBUG 9660 --- [Sistema de GestÃ£o AcadÃªmica] [           main] o.s.d.jpa.repository.query.NamedQuery    : Did not find named query Semestre.findSemestresPassados.count
2025-07-02T23:03:02.504-03:00 DEBUG 9660 --- [Sistema de GestÃ£o AcadÃªmica] [           main] tor$SharedEntityManagerInvocationHandler : Creating new EntityManager for shared EntityManager invocation
2025-07-02T23:03:02.511-03:00 DEBUG 9660 --- [Sistema de GestÃ£o AcadÃªmica] [           main] o.s.d.jpa.repository.query.NamedQuery    : Looking up named query Semestre.countByAtivoFalse
2025-07-02T23:03:02.512-03:00 DEBUG 9660 --- [Sistema de GestÃ£o AcadÃªmica] [           main] o.s.d.jpa.repository.query.NamedQuery    : Did not find named query Semestre.countByAtivoFalse
2025-07-02T23:03:02.512-03:00 DEBUG 9660 --- [Sistema de GestÃ£o AcadÃªmica] [           main] tor$SharedEntityManagerInvocationHandler : Creating new EntityManager for shared EntityManager invocation
2025-07-02T23:03:02.515-03:00 DEBUG 9660 --- [Sistema de GestÃ£o AcadÃªmica] [           main] o.s.d.jpa.repository.query.NamedQuery    : Did not find named query Semestre.findDistinctAno.count
2025-07-02T23:03:02.516-03:00 DEBUG 9660 --- [Sistema de GestÃ£o AcadÃªmica] [           main] tor$SharedEntityManagerInvocationHandler : Creating new EntityManager for shared EntityManager invocation
2025-07-02T23:03:02.518-03:00 DEBUG 9660 --- [Sistema de GestÃ£o AcadÃªmica] [           main] o.s.d.jpa.repository.query.NamedQuery    : Looking up named query Semestre.findByAnoAndPeriodo
2025-07-02T23:03:02.518-03:00 DEBUG 9660 --- [Sistema de GestÃ£o AcadÃªmica] [           main] o.s.d.jpa.repository.query.NamedQuery    : Did not find named query Semestre.findByAnoAndPeriodo
2025-07-02T23:03:02.520-03:00 DEBUG 9660 --- [Sistema de GestÃ£o AcadÃªmica] [           main] tor$SharedEntityManagerInvocationHandler : Creating new EntityManager for shared EntityManager invocation
2025-07-02T23:03:02.523-03:00 DEBUG 9660 --- [Sistema de GestÃ£o AcadÃªmica] [           main] o.s.d.jpa.repository.query.NamedQuery    : Did not find named query Semestre.findSemestresFuturos.count
2025-07-02T23:03:02.523-03:00 DEBUG 9660 --- [Sistema de GestÃ£o AcadÃªmica] [           main] tor$SharedEntityManagerInvocationHandler : Creating new EntityManager for shared EntityManager invocation
2025-07-02T23:03:02.529-03:00 DEBUG 9660 --- [Sistema de GestÃ£o AcadÃªmica] [           main] o.s.d.jpa.repository.query.NamedQuery    : Looking up named query Semestre.countByAtivoTrue
2025-07-02T23:03:02.529-03:00 DEBUG 9660 --- [Sistema de GestÃ£o AcadÃªmica] [           main] o.s.d.jpa.repository.query.NamedQuery    : Did not find named query Semestre.countByAtivoTrue
2025-07-02T23:03:02.529-03:00 DEBUG 9660 --- [Sistema de GestÃ£o AcadÃªmica] [           main] tor$SharedEntityManagerInvocationHandler : Creating new EntityManager for shared EntityManager invocation
2025-07-02T23:03:02.535-03:00 DEBUG 9660 --- [Sistema de GestÃ£o AcadÃªmica] [           main] o.s.d.jpa.repository.query.NamedQuery    : Did not find named query Semestre.findSemestresComMatriculasAbertas.count
2025-07-02T23:03:02.535-03:00 DEBUG 9660 --- [Sistema de GestÃ£o AcadÃªmica] [           main] tor$SharedEntityManagerInvocationHandler : Creating new EntityManager for shared EntityManager invocation
2025-07-02T23:03:02.539-03:00 DEBUG 9660 --- [Sistema de GestÃ£o AcadÃªmica] [           main] o.s.d.jpa.repository.query.NamedQuery    : Looking up named query Semestre.findAllByOrderByAnoDescPeriodoDesc
2025-07-02T23:03:02.539-03:00 DEBUG 9660 --- [Sistema de GestÃ£o AcadÃªmica] [           main] o.s.d.jpa.repository.query.NamedQuery    : Did not find named query Semestre.findAllByOrderByAnoDescPeriodoDesc
2025-07-02T23:03:02.539-03:00 DEBUG 9660 --- [Sistema de GestÃ£o AcadÃªmica] [           main] tor$SharedEntityManagerInvocationHandler : Creating new EntityManager for shared EntityManager invocation
2025-07-02T23:03:02.548-03:00 DEBUG 9660 --- [Sistema de GestÃ£o AcadÃªmica] [           main] o.s.d.jpa.repository.query.NamedQuery    : Looking up named query Semestre.findByAtivoFalse
2025-07-02T23:03:02.550-03:00 DEBUG 9660 --- [Sistema de GestÃ£o AcadÃªmica] [           main] o.s.d.jpa.repository.query.NamedQuery    : Did not find named query Semestre.findByAtivoFalse
2025-07-02T23:03:02.550-03:00 DEBUG 9660 --- [Sistema de GestÃ£o AcadÃªmica] [           main] tor$SharedEntityManagerInvocationHandler : Creating new EntityManager for shared EntityManager invocation
2025-07-02T23:03:02.552-03:00 DEBUG 9660 --- [Sistema de GestÃ£o AcadÃªmica] [           main] o.s.d.jpa.repository.query.NamedQuery    : Looking up named query Semestre.findByAtivoTrueOrderByAnoDescPeriodoDesc
2025-07-02T23:03:02.552-03:00 DEBUG 9660 --- [Sistema de GestÃ£o AcadÃªmica] [           main] o.s.d.jpa.repository.query.NamedQuery    : Did not find named query Semestre.findByAtivoTrueOrderByAnoDescPeriodoDesc
2025-07-02T23:03:02.552-03:00 DEBUG 9660 --- [Sistema de GestÃ£o AcadÃªmica] [           main] tor$SharedEntityManagerInvocationHandler : Creating new EntityManager for shared EntityManager invocation
2025-07-02T23:03:02.552-03:00 DEBUG 9660 --- [Sistema de GestÃ£o AcadÃªmica] [           main] o.s.d.jpa.repository.query.NamedQuery    : Looking up named query Semestre.findByAtivoTrue
2025-07-02T23:03:02.556-03:00 DEBUG 9660 --- [Sistema de GestÃ£o AcadÃªmica] [           main] o.s.d.jpa.repository.query.NamedQuery    : Did not find named query Semestre.findByAtivoTrue
2025-07-02T23:03:02.557-03:00 DEBUG 9660 --- [Sistema de GestÃ£o AcadÃªmica] [           main] tor$SharedEntityManagerInvocationHandler : Creating new EntityManager for shared EntityManager invocation
2025-07-02T23:03:02.557-03:00 DEBUG 9660 --- [Sistema de GestÃ£o AcadÃªmica] [           main] o.s.d.jpa.repository.query.NamedQuery    : Looking up named query Semestre.findByAno
2025-07-02T23:03:02.561-03:00 DEBUG 9660 --- [Sistema de GestÃ£o AcadÃªmica] [           main] o.s.d.jpa.repository.query.NamedQuery    : Did not find named query Semestre.findByAno
2025-07-02T23:03:02.561-03:00 DEBUG 9660 --- [Sistema de GestÃ£o AcadÃªmica] [           main] tor$SharedEntityManagerInvocationHandler : Creating new EntityManager for shared EntityManager invocation
2025-07-02T23:03:02.564-03:00 DEBUG 9660 --- [Sistema de GestÃ£o AcadÃªmica] [           main] o.s.d.jpa.repository.query.NamedQuery    : Did not find named query Semestre.findSemestreAtual.count
2025-07-02T23:03:02.565-03:00 DEBUG 9660 --- [Sistema de GestÃ£o AcadÃªmica] [           main] tor$SharedEntityManagerInvocationHandler : Creating new EntityManager for shared EntityManager invocation
2025-07-02T23:03:02.572-03:00 DEBUG 9660 --- [Sistema de GestÃ£o AcadÃªmica] [           main] o.s.d.r.c.s.RepositoryFactorySupport     : Finished creation of repository instance for br.com.tjw2025.repository.SemestreRepository.
2025-07-02T23:03:02.585-03:00 DEBUG 9660 --- [Sistema de GestÃ£o AcadÃªmica] [           main] o.s.b.f.s.DefaultListableBeanFactory     : Creating shared instance of singleton bean 'turmaService'
2025-07-02T23:03:02.589-03:00 DEBUG 9660 --- [Sistema de GestÃ£o AcadÃªmica] [           main] o.s.b.f.s.DefaultListableBeanFactory     : Creating shared instance of singleton bean 'turmaRepository'
2025-07-02T23:03:02.593-03:00 DEBUG 9660 --- [Sistema de GestÃ£o AcadÃªmica] [           main] o.s.b.f.s.DefaultListableBeanFactory     : Creating shared instance of singleton bean 'jpa.named-queries#4'
2025-07-02T23:03:02.593-03:00 DEBUG 9660 --- [Sistema de GestÃ£o AcadÃªmica] [           main] o.s.b.f.s.DefaultListableBeanFactory     : Creating shared instance of singleton bean 'jpa.TurmaRepository.fragments#0'
2025-07-02T23:03:02.595-03:00 DEBUG 9660 --- [Sistema de GestÃ£o AcadÃªmica] [           main] tor$SharedEntityManagerInvocationHandler : Creating new EntityManager for shared EntityManager invocation
2025-07-02T23:03:02.608-03:00 DEBUG 9660 --- [Sistema de GestÃ£o AcadÃªmica] [           main] o.s.d.r.c.s.RepositoryFactorySupport     : Initializing repository instance for br.com.tjw2025.repository.TurmaRepository…
2025-07-02T23:03:02.608-03:00 DEBUG 9660 --- [Sistema de GestÃ£o AcadÃªmica] [           main] tor$SharedEntityManagerInvocationHandler : Creating new EntityManager for shared EntityManager invocation
2025-07-02T23:03:02.662-03:00 DEBUG 9660 --- [Sistema de GestÃ£o AcadÃªmica] [           main] o.s.d.jpa.repository.query.NamedQuery    : Did not find named query Turma.existsByCodigoExcludingId.count
2025-07-02T23:03:02.662-03:00 DEBUG 9660 --- [Sistema de GestÃ£o AcadÃªmica] [           main] tor$SharedEntityManagerInvocationHandler : Creating new EntityManager for shared EntityManager invocation
2025-07-02T23:03:02.670-03:00 DEBUG 9660 --- [Sistema de GestÃ£o AcadÃªmica] [           main] o.s.d.jpa.repository.query.NamedQuery    : Looking up named query Turma.countByAtivaFalse
2025-07-02T23:03:02.670-03:00 DEBUG 9660 --- [Sistema de GestÃ£o AcadÃªmica] [           main] o.s.d.jpa.repository.query.NamedQuery    : Did not find named query Turma.countByAtivaFalse
2025-07-02T23:03:02.670-03:00 DEBUG 9660 --- [Sistema de GestÃ£o AcadÃªmica] [           main] tor$SharedEntityManagerInvocationHandler : Creating new EntityManager for shared EntityManager invocation
2025-07-02T23:03:02.670-03:00 DEBUG 9660 --- [Sistema de GestÃ£o AcadÃªmica] [           main] o.s.d.jpa.repository.query.NamedQuery    : Looking up named query Turma.findByDisciplina
2025-07-02T23:03:02.670-03:00 DEBUG 9660 --- [Sistema de GestÃ£o AcadÃªmica] [           main] o.s.d.jpa.repository.query.NamedQuery    : Did not find named query Turma.findByDisciplina
2025-07-02T23:03:02.670-03:00 DEBUG 9660 --- [Sistema de GestÃ£o AcadÃªmica] [           main] tor$SharedEntityManagerInvocationHandler : Creating new EntityManager for shared EntityManager invocation
2025-07-02T23:03:02.670-03:00 DEBUG 9660 --- [Sistema de GestÃ£o AcadÃªmica] [           main] o.s.d.jpa.repository.query.NamedQuery    : Looking up named query Turma.findByCodigo
2025-07-02T23:03:02.678-03:00 DEBUG 9660 --- [Sistema de GestÃ£o AcadÃªmica] [           main] o.s.d.jpa.repository.query.NamedQuery    : Did not find named query Turma.findByCodigo
2025-07-02T23:03:02.678-03:00 DEBUG 9660 --- [Sistema de GestÃ£o AcadÃªmica] [           main] tor$SharedEntityManagerInvocationHandler : Creating new EntityManager for shared EntityManager invocation
2025-07-02T23:03:02.679-03:00 DEBUG 9660 --- [Sistema de GestÃ£o AcadÃªmica] [           main] o.s.d.jpa.repository.query.NamedQuery    : Looking up named query Turma.countByAtivaTrue
2025-07-02T23:03:02.679-03:00 DEBUG 9660 --- [Sistema de GestÃ£o AcadÃªmica] [           main] o.s.d.jpa.repository.query.NamedQuery    : Did not find named query Turma.countByAtivaTrue
2025-07-02T23:03:02.679-03:00 DEBUG 9660 --- [Sistema de GestÃ£o AcadÃªmica] [           main] tor$SharedEntityManagerInvocationHandler : Creating new EntityManager for shared EntityManager invocation
2025-07-02T23:03:02.679-03:00 DEBUG 9660 --- [Sistema de GestÃ£o AcadÃªmica] [           main] o.s.d.jpa.repository.query.NamedQuery    : Did not find named query Turma.findTurmasLotadas.count
2025-07-02T23:03:02.679-03:00 DEBUG 9660 --- [Sistema de GestÃ£o AcadÃªmica] [           main] tor$SharedEntityManagerInvocationHandler : Creating new EntityManager for shared EntityManager invocation
2025-07-02T23:03:02.688-03:00 DEBUG 9660 --- [Sistema de GestÃ£o AcadÃªmica] [           main] o.s.d.jpa.repository.query.NamedQuery    : Looking up named query Turma.findByDisciplinaOrderByCodigoAsc
2025-07-02T23:03:02.689-03:00 DEBUG 9660 --- [Sistema de GestÃ£o AcadÃªmica] [           main] o.s.d.jpa.repository.query.NamedQuery    : Did not find named query Turma.findByDisciplinaOrderByCodigoAsc
2025-07-02T23:03:02.689-03:00 DEBUG 9660 --- [Sistema de GestÃ£o AcadÃªmica] [           main] tor$SharedEntityManagerInvocationHandler : Creating new EntityManager for shared EntityManager invocation
2025-07-02T23:03:02.689-03:00 DEBUG 9660 --- [Sistema de GestÃ£o AcadÃªmica] [           main] o.s.d.jpa.repository.query.NamedQuery    : Looking up named query Turma.findByAtivaFalse
2025-07-02T23:03:02.689-03:00 DEBUG 9660 --- [Sistema de GestÃ£o AcadÃªmica] [           main] o.s.d.jpa.repository.query.NamedQuery    : Did not find named query Turma.findByAtivaFalse
2025-07-02T23:03:02.689-03:00 DEBUG 9660 --- [Sistema de GestÃ£o AcadÃªmica] [           main] tor$SharedEntityManagerInvocationHandler : Creating new EntityManager for shared EntityManager invocation
2025-07-02T23:03:02.694-03:00 DEBUG 9660 --- [Sistema de GestÃ£o AcadÃªmica] [           main] o.s.d.jpa.repository.query.NamedQuery    : Looking up named query Turma.findByDataInicio
2025-07-02T23:03:02.695-03:00 DEBUG 9660 --- [Sistema de GestÃ£o AcadÃªmica] [           main] o.s.d.jpa.repository.query.NamedQuery    : Did not find named query Turma.findByDataInicio
2025-07-02T23:03:02.695-03:00 DEBUG 9660 --- [Sistema de GestÃ£o AcadÃªmica] [           main] tor$SharedEntityManagerInvocationHandler : Creating new EntityManager for shared EntityManager invocation
2025-07-02T23:03:02.695-03:00 DEBUG 9660 --- [Sistema de GestÃ£o AcadÃªmica] [           main] o.s.d.jpa.repository.query.NamedQuery    : Did not find named query Turma.findTurmasComVagasDisponiveis.count
2025-07-02T23:03:02.699-03:00 DEBUG 9660 --- [Sistema de GestÃ£o AcadÃªmica] [           main] tor$SharedEntityManagerInvocationHandler : Creating new EntityManager for shared EntityManager invocation
2025-07-02T23:03:02.699-03:00 DEBUG 9660 --- [Sistema de GestÃ£o AcadÃªmica] [           main] o.s.d.jpa.repository.query.NamedQuery    : Looking up named query Turma.findAllByOrderByCodigoAsc
2025-07-02T23:03:02.703-03:00 DEBUG 9660 --- [Sistema de GestÃ£o AcadÃªmica] [           main] o.s.d.jpa.repository.query.NamedQuery    : Did not find named query Turma.findAllByOrderByCodigoAsc
2025-07-02T23:03:02.703-03:00 DEBUG 9660 --- [Sistema de GestÃ£o AcadÃªmica] [           main] tor$SharedEntityManagerInvocationHandler : Creating new EntityManager for shared EntityManager invocation
2025-07-02T23:03:02.704-03:00 DEBUG 9660 --- [Sistema de GestÃ£o AcadÃªmica] [           main] o.s.d.jpa.repository.query.NamedQuery    : Looking up named query Turma.findByDisciplinaAndSemestre
2025-07-02T23:03:02.704-03:00 DEBUG 9660 --- [Sistema de GestÃ£o AcadÃªmica] [           main] o.s.d.jpa.repository.query.NamedQuery    : Did not find named query Turma.findByDisciplinaAndSemestre
2025-07-02T23:03:02.704-03:00 DEBUG 9660 --- [Sistema de GestÃ£o AcadÃªmica] [           main] tor$SharedEntityManagerInvocationHandler : Creating new EntityManager for shared EntityManager invocation
2025-07-02T23:03:02.707-03:00 DEBUG 9660 --- [Sistema de GestÃ£o AcadÃªmica] [           main] o.s.d.jpa.repository.query.NamedQuery    : Looking up named query Turma.findBySemestreOrderByCodigoAsc
2025-07-02T23:03:02.707-03:00 DEBUG 9660 --- [Sistema de GestÃ£o AcadÃªmica] [           main] o.s.d.jpa.repository.query.NamedQuery    : Did not find named query Turma.findBySemestreOrderByCodigoAsc
2025-07-02T23:03:02.710-03:00 DEBUG 9660 --- [Sistema de GestÃ£o AcadÃªmica] [           main] tor$SharedEntityManagerInvocationHandler : Creating new EntityManager for shared EntityManager invocation
2025-07-02T23:03:02.711-03:00 DEBUG 9660 --- [Sistema de GestÃ£o AcadÃªmica] [           main] o.s.d.jpa.repository.query.NamedQuery    : Looking up named query Turma.findByDiaSemanaIgnoreCase
2025-07-02T23:03:02.711-03:00 DEBUG 9660 --- [Sistema de GestÃ£o AcadÃªmica] [           main] o.s.d.jpa.repository.query.NamedQuery    : Did not find named query Turma.findByDiaSemanaIgnoreCase
2025-07-02T23:03:02.711-03:00 DEBUG 9660 --- [Sistema de GestÃ£o AcadÃªmica] [           main] tor$SharedEntityManagerInvocationHandler : Creating new EntityManager for shared EntityManager invocation
[...]
         - @ConditionalOnClass did not find required class 'io.rsocket.RSocket' (OnClassCondition)

   RSocketRequesterAutoConfiguration:
      Did not match:
         - @ConditionalOnClass did not find required class 'io.rsocket.RSocket' (OnClassCondition)

   RSocketSecurityAutoConfiguration:
      Did not match:
         - @ConditionalOnClass did not find required class 'org.springframework.security.rsocket.core.SecuritySocketAcceptorInterceptor' (OnClassCondition)

   RSocketServerAutoConfiguration:
      Did not match:
         - @ConditionalOnClass did not find required class 'io.rsocket.core.RSocketServer' (OnClassCondition)

   RSocketStrategiesAutoConfiguration:
      Did not match:
         - @ConditionalOnClass did not find required class 'io.netty.buffer.PooledByteBufAllocator' (OnClassCondition)

   RabbitAutoConfiguration:
      Did not match:
         - @ConditionalOnClass did not find required class 'com.rabbitmq.client.Channel' (OnClassCondition)

   ReactiveElasticsearchClientAutoConfiguration:
      Did not match:
         - @ConditionalOnClass did not find required class 'co.elastic.clients.transport.ElasticsearchTransport' (OnClassCondition)

   ReactiveElasticsearchRepositoriesAutoConfiguration:
      Did not match:
         - @ConditionalOnClass did not find required class 'org.springframework.data.elasticsearch.client.elc.ReactiveElasticsearchClient' (OnClassCondition)

   ReactiveMultipartAutoConfiguration:
      Did not match:
         - @ConditionalOnClass did not find required class 'org.springframework.web.reactive.config.WebFluxConfigurer' (OnClassCondition)

   ReactiveOAuth2ClientAutoConfiguration:
      Did not match:
         - @ConditionalOnClass did not find required class 'reactor.core.publisher.Flux' (OnClassCondition)

   ReactiveOAuth2ResourceServerAutoConfiguration:
      Did not match:
         - @ConditionalOnClass did not find required class 'org.springframework.security.config.annotation.web.reactive.EnableWebFluxSecurity' (OnClassCondition)

   ReactiveSecurityAutoConfiguration:
      Did not match:
         - @ConditionalOnClass did not find required class 'reactor.core.publisher.Flux' (OnClassCondition)

   ReactiveUserDetailsServiceAutoConfiguration:
      Did not match:
         - @ConditionalOnClass did not find required class 'org.springframework.security.authentication.ReactiveAuthenticationManager' (OnClassCondition)

   ReactiveWebServerFactoryAutoConfiguration:
      Did not match:
         - @ConditionalOnWebApplication did not find reactive web application classes (OnWebApplicationCondition)

   ReactorAutoConfiguration:
      Did not match:
         - @ConditionalOnClass did not find required class 'reactor.core.publisher.Hooks' (OnClassCondition)

   RedisAutoConfiguration:
      Did not match:
         - @ConditionalOnClass did not find required class 'org.springframework.data.redis.core.RedisOperations' (OnClassCondition)

   RedisCacheConfiguration:
      Did not match:
         - @ConditionalOnClass did not find required class 'org.springframework.data.redis.connection.RedisConnectionFactory' (OnClassCondition)

   RedisReactiveAutoConfiguration:
      Did not match:
         - @ConditionalOnClass did not find required class 'reactor.core.publisher.Flux' (OnClassCondition)

   RedisRepositoriesAutoConfiguration:
      Did not match:
         - @ConditionalOnClass did not find required class 'org.springframework.data.redis.repository.configuration.EnableRedisRepositories' (OnClassCondition)

   RepositoryRestMvcAutoConfiguration:
      Did not match:
         - @ConditionalOnClass did not find required class 'org.springframework.data.rest.webmvc.config.RepositoryRestMvcConfiguration' (OnClassCondition)

   Saml2RelyingPartyAutoConfiguration:
      Did not match:
         - @ConditionalOnClass did not find required class 'org.springframework.security.saml2.provider.service.registration.RelyingPartyRegistrationRepository' (OnClassCondition)

   SecurityAutoConfiguration:
      Did not match:
         - @ConditionalOnClass did not find required class 'org.springframework.security.authentication.DefaultAuthenticationEventPublisher' (OnClassCondition)

   SecurityFilterAutoConfiguration:
      Did not match:
         - @ConditionalOnClass did not find required class 'org.springframework.security.config.http.SessionCreationPolicy' (OnClassCondition)

   SendGridAutoConfiguration:
      Did not match:
         - @ConditionalOnClass did not find required class 'com.sendgrid.SendGrid' (OnClassCondition)

   ServletWebServerFactoryAutoConfiguration.ForwardedHeaderFilterConfiguration:
      Did not match:
         - @ConditionalOnProperty (server.forward-headers-strategy=framework) did not find property 'server.forward-headers-strategy' (OnPropertyCondition)

   ServletWebServerFactoryConfiguration.EmbeddedJetty:
      Did not match:
         - @ConditionalOnClass did not find required classes 'org.eclipse.jetty.server.Server', 'org.eclipse.jetty.util.Loader', 'org.eclipse.jetty.ee10.webapp.WebAppContext' (OnClassCondition)

   ServletWebServerFactoryConfiguration.EmbeddedUndertow:
      Did not match:
         - @ConditionalOnClass did not find required classes 'io.undertow.Undertow', 'org.xnio.SslClientAuthMode' (OnClassCondition)

   SessionAutoConfiguration:
      Did not match:
         - @ConditionalOnClass did not find required class 'org.springframework.session.Session' (OnClassCondition)

   SpringApplicationAdminJmxAutoConfiguration:
      Did not match:
         - @ConditionalOnProperty (spring.application.admin.enabled=true) did not find property 'enabled' (OnPropertyCondition)

   SqlInitializationAutoConfiguration:
      Did not match:
         - NoneNestedConditions 1 matched 0 did not; NestedCondition on SqlInitializationAutoConfiguration.SqlInitializationModeCondition.ModeIsNever @ConditionalOnProperty (spring.sql.init.mode=never) matched (SqlInitializationAutoConfiguration.SqlInitializationModeCondition)
      Matched:
         - @ConditionalOnProperty (spring.sql.init.enabled) matched (OnPropertyCondition)

   TaskExecutorConfigurations.SimpleAsyncTaskExecutorBuilderConfiguration#simpleAsyncTaskExecutorBuilderVirtualThreads:
      Did not match:
         - @ConditionalOnMissingBean (types: org.springframework.boot.task.SimpleAsyncTaskExecutorBuilder; SearchStrategy: all) found beans of type 'org.springframework.boot.task.SimpleAsyncTaskExecutorBuilder' simpleAsyncTaskExecutorBuilder (OnBeanCondition)

   TaskExecutorConfigurations.TaskExecutorConfiguration#applicationTaskExecutorVirtualThreads:
      Did not match:
         - @ConditionalOnThreading did not find VIRTUAL (OnThreadingCondition)

   TaskSchedulingAutoConfiguration#scheduledBeanLazyInitializationExcludeFilter:
      Did not match:
         - @ConditionalOnBean (names: org.springframework.context.annotation.internalScheduledAnnotationProcessor; SearchStrategy: all) did not find any beans named org.springframework.context.annotation.internalScheduledAnnotationProcessor (OnBeanCondition)

   TaskSchedulingConfigurations.SimpleAsyncTaskSchedulerBuilderConfiguration#simpleAsyncTaskSchedulerBuilderVirtualThreads:
      Did not match:
         - @ConditionalOnMissingBean (types: org.springframework.boot.task.SimpleAsyncTaskSchedulerBuilder; SearchStrategy: all) found beans of type 'org.springframework.boot.task.SimpleAsyncTaskSchedulerBuilder' simpleAsyncTaskSchedulerBuilder (OnBeanCondition)

   TaskSchedulingConfigurations.TaskSchedulerConfiguration:
      Did not match:
         - @ConditionalOnBean (names: org.springframework.context.annotation.internalScheduledAnnotationProcessor; SearchStrategy: all) did not find any beans named org.springframework.context.annotation.internalScheduledAnnotationProcessor (OnBeanCondition)

   TemplateEngineConfigurations.ReactiveTemplateEngineConfiguration:
      Did not match:
         - did not find reactive web application classes (OnWebApplicationCondition)

   ThymeleafAutoConfiguration.DataAttributeDialectConfiguration:
      Did not match:
         - @ConditionalOnClass did not find required class 'com.github.mxab.thymeleaf.extras.dataattribute.dialect.DataAttributeDialect' (OnClassCondition)

   ThymeleafAutoConfiguration.ThymeleafSecurityDialectConfiguration:
      Did not match:
         - @ConditionalOnClass did not find required classes 'org.thymeleaf.extras.springsecurity6.dialect.SpringSecurityDialect', 'org.springframework.security.web.server.csrf.CsrfToken' (OnClassCondition)

   ThymeleafAutoConfiguration.ThymeleafWebFluxConfiguration:
      Did not match:
         - did not find reactive web application classes (OnWebApplicationCondition)

   ThymeleafAutoConfiguration.ThymeleafWebLayoutConfiguration:
      Did not match:
         - @ConditionalOnClass did not find required class 'nz.net.ultraq.thymeleaf.layoutdialect.LayoutDialect' (OnClassCondition)

   ThymeleafAutoConfiguration.ThymeleafWebMvcConfiguration#resourceUrlEncodingFilter:
      Did not match:
         - @ConditionalOnEnabledResourceChain did not find class org.webjars.WebJarAssetLocator (OnEnabledResourceChainCondition)

   TransactionAutoConfiguration#transactionalOperator:
      Did not match:
         - @ConditionalOnSingleCandidate (types: org.springframework.transaction.ReactiveTransactionManager; SearchStrategy: all) did not find any beans (OnBeanCondition)

   TransactionAutoConfiguration.AspectJTransactionManagementConfiguration:
      Did not match:
         - @ConditionalOnBean (types: org.springframework.transaction.aspectj.AbstractTransactionAspect; SearchStrategy: all) did not find any beans of type org.springframework.transaction.aspectj.AbstractTransactionAspect (OnBeanCondition)

   TransactionAutoConfiguration.EnableTransactionManagementConfiguration.JdkDynamicAutoProxyConfiguration:
      Did not match:
         - @ConditionalOnProperty (spring.aop.proxy-target-class=false) did not find property 'proxy-target-class' (OnPropertyCondition)

   UserDetailsServiceAutoConfiguration:
      Did not match:
         - @ConditionalOnClass did not find required class 'org.springframework.security.authentication.AuthenticationManager' (OnClassCondition)

   WebClientAutoConfiguration:
      Did not match:
         - @ConditionalOnClass did not find required class 'org.springframework.web.reactive.function.client.WebClient' (OnClassCondition)

   WebFluxAutoConfiguration:
      Did not match:
         - @ConditionalOnClass did not find required class 'org.springframework.web.reactive.config.WebFluxConfigurer' (OnClassCondition)

   WebMvcAutoConfiguration#hiddenHttpMethodFilter:
      Did not match:
         - @ConditionalOnProperty (spring.mvc.hiddenmethod.filter.enabled) did not find property 'enabled' (OnPropertyCondition)

   WebMvcAutoConfiguration.ProblemDetailsErrorHandlingConfiguration:
      Did not match:
         - @ConditionalOnProperty (spring.mvc.problemdetails.enabled=true) did not find property 'enabled' (OnPropertyCondition)

   WebMvcAutoConfiguration.ResourceChainCustomizerConfiguration:
      Did not match:
         - @ConditionalOnEnabledResourceChain did not find class org.webjars.WebJarAssetLocator (OnEnabledResourceChainCondition)

   WebMvcAutoConfiguration.WebMvcAutoConfigurationAdapter#beanNameViewResolver:
      Did not match:
         - @ConditionalOnBean (types: org.springframework.web.servlet.View; SearchStrategy: all) did not find any beans of type org.springframework.web.servlet.View (OnBeanCondition)

   WebServiceTemplateAutoConfiguration:
      Did not match:
         - @ConditionalOnClass did not find required class 'org.springframework.oxm.Marshaller' (OnClassCondition)

   WebServicesAutoConfiguration:
      Did not match:
         - @ConditionalOnClass did not find required class 'org.springframework.ws.transport.http.MessageDispatcherServlet' (OnClassCondition)

   WebSessionIdResolverAutoConfiguration:
      Did not match:
         - @ConditionalOnClass did not find required class 'reactor.core.publisher.Mono' (OnClassCondition)

   WebSocketMessagingAutoConfiguration:
      Did not match:
         - @ConditionalOnClass did not find required class 'org.springframework.web.socket.config.annotation.WebSocketMessageBrokerConfigurer' (OnClassCondition)

   WebSocketReactiveAutoConfiguration:
      Did not match:
         - @ConditionalOnWebApplication did not find reactive web application classes (OnWebApplicationCondition)

   WebSocketServletAutoConfiguration.JettyWebSocketConfiguration:
      Did not match:
         - @ConditionalOnClass did not find required class 'org.eclipse.jetty.ee10.websocket.jakarta.server.config.JakartaWebSocketServletContainerInitializer' (OnClassCondition)

   WebSocketServletAutoConfiguration.UndertowWebSocketConfiguration:
      Did not match:
         - @ConditionalOnClass did not find required class 'io.undertow.websockets.jsr.Bootstrap' (OnClassCondition)

   XADataSourceAutoConfiguration:
      Did not match:
         - @ConditionalOnBean (types: org.springframework.boot.jdbc.XADataSourceWrapper; SearchStrategy: all) did not find any beans of type org.springframework.boot.jdbc.XADataSourceWrapper (OnBeanCondition)
      Matched:
         - @ConditionalOnClass found required classes 'javax.sql.DataSource', 'jakarta.transaction.TransactionManager', 'org.springframework.jdbc.datasource.embedded.EmbeddedDatabaseType' (OnClassCondition)


Exclusions:
-----------

    None


Unconditional classes:
----------------------

    org.springframework.boot.autoconfigure.context.ConfigurationPropertiesAutoConfiguration

    org.springframework.boot.autoconfigure.ssl.SslAutoConfiguration

    org.springframework.boot.autoconfigure.context.LifecycleAutoConfiguration

    org.springframework.boot.autoconfigure.context.PropertyPlaceholderAutoConfiguration

    org.springframework.boot.autoconfigure.availability.ApplicationAvailabilityAutoConfiguration

    org.springframework.boot.autoconfigure.info.ProjectInfoAutoConfiguration



2025-07-02T23:03:04.502-03:00  INFO 9660 --- [Sistema de GestÃ£o AcadÃªmica] [           main] .m.MeuprimeirospringbootApplicationTests : Started MeuprimeirospringbootApplicationTests in 12.923 seconds (process running for 15.232)
2025-07-02T23:03:04.505-03:00 DEBUG 9660 --- [Sistema de GestÃ£o AcadÃªmica] [           main] o.s.b.a.ApplicationAvailabilityBean      : Application availability state LivenessState changed to CORRECT
2025-07-02T23:03:04.524-03:00 DEBUG 9660 --- [Sistema de GestÃ£o AcadÃªmica] [           main] o.s.b.a.ApplicationAvailabilityBean      : Application availability state ReadinessState changed to ACCEPTING_TRAFFIC
2025-07-02T23:03:04.537-03:00 DEBUG 9660 --- [Sistema de GestÃ£o AcadÃªmica] [           main] org.springframework.test.context.cache   : Spring test ApplicationContext cache statistics: [DefaultContextCache@35c344ce size = 1, maxSize = 32, parentContextCount = 0, hitCount = 0, missCount = 1, failureCount = 0]
2025-07-02T23:03:04.537-03:00 DEBUG 9660 --- [Sistema de GestÃ£o AcadÃªmica] [           main] o.s.t.c.w.ServletTestExecutionListener   : Setting up MockHttpServletRequest, MockHttpServletResponse, ServletWebRequest, and RequestContextHolder for test class br.edu.ifce.meuprimeirospringboot.MeuprimeirospringbootApplicationTests
2025-07-02T23:03:04.587-03:00 DEBUG 9660 --- [Sistema de GestÃ£o AcadÃªmica] [           main] DependencyInjectionTestExecutionListener : Performing dependency injection for test class br.edu.ifce.meuprimeirospringboot.MeuprimeirospringbootApplicationTests
2025-07-02T23:03:04.587-03:00 DEBUG 9660 --- [Sistema de GestÃ£o AcadÃªmica] [           main] org.springframework.test.context.cache   : Spring test ApplicationContext cache statistics: [DefaultContextCache@35c344ce size = 1, maxSize = 32, parentContextCount = 0, hitCount = 1, missCount = 1, failureCount = 0]
2025-07-02T23:03:04.594-03:00 DEBUG 9660 --- [Sistema de GestÃ£o AcadÃªmica] [           main] org.springframework.test.context.cache   : Spring test ApplicationContext cache statistics: [DefaultContextCache@35c344ce size = 1, maxSize = 32, parentContextCount = 0, hitCount = 2, missCount = 1, failureCount = 0]
2025-07-02T23:03:04.625-03:00 DEBUG 9660 --- [Sistema de GestÃ£o AcadÃªmica] [           main] sContextBeforeModesTestExecutionListener : Before test method: class [MeuprimeirospringbootApplicationTests], method [contextLoads], class annotated with @DirtiesContext [false] with mode [null], method annotated with @DirtiesContext [false] with mode [null]
2025-07-02T23:03:04.633-03:00 DEBUG 9660 --- [Sistema de GestÃ£o AcadÃªmica] [           main] org.springframework.test.context.cache   : Spring test ApplicationContext cache statistics: [DefaultContextCache@35c344ce size = 1, maxSize = 32, parentContextCount = 0, hitCount = 3, missCount = 1, failureCount = 0]
2025-07-02T23:03:04.633-03:00 DEBUG 9660 --- [Sistema de GestÃ£o AcadÃªmica] [           main] org.springframework.test.context.cache   : Spring test ApplicationContext cache statistics: [DefaultContextCache@35c344ce size = 1, maxSize = 32, parentContextCount = 0, hitCount = 4, missCount = 1, failureCount = 0]
2025-07-02T23:03:05.830-03:00 DEBUG 9660 --- [Sistema de GestÃ£o AcadÃªmica] [           main] org.springframework.test.context.cache   : Spring test ApplicationContext cache statistics: [DefaultContextCache@35c344ce size = 1, maxSize = 32, parentContextCount = 0, hitCount = 5, missCount = 1, failureCount = 0]
2025-07-02T23:03:05.842-03:00 DEBUG 9660 --- [Sistema de GestÃ£o AcadÃªmica] [           main] org.springframework.test.context.cache   : Spring test ApplicationContext cache statistics: [DefaultContextCache@35c344ce size = 1, maxSize = 32, parentContextCount = 0, hitCount = 6, missCount = 1, failureCount = 0]
2025-07-02T23:03:05.848-03:00 DEBUG 9660 --- [Sistema de GestÃ£o AcadÃªmica] [           main] org.springframework.test.context.cache   : Spring test ApplicationContext cache statistics: [DefaultContextCache@35c344ce size = 1, maxSize = 32, parentContextCount = 0, hitCount = 7, missCount = 1, failureCount = 0]
2025-07-02T23:03:05.848-03:00 DEBUG 9660 --- [Sistema de GestÃ£o AcadÃªmica] [           main] org.springframework.test.context.cache   : Spring test ApplicationContext cache statistics: [DefaultContextCache@35c344ce size = 1, maxSize = 32, parentContextCount = 0, hitCount = 8, missCount = 1, failureCount = 0]
2025-07-02T23:03:05.848-03:00 DEBUG 9660 --- [Sistema de GestÃ£o AcadÃªmica] [           main] org.springframework.test.context.cache   : Spring test ApplicationContext cache statistics: [DefaultContextCache@35c344ce size = 1, maxSize = 32, parentContextCount = 0, hitCount = 9, missCount = 1, failureCount = 0]
2025-07-02T23:03:05.848-03:00 DEBUG 9660 --- [Sistema de GestÃ£o AcadÃªmica] [           main] org.springframework.test.context.cache   : Spring test ApplicationContext cache statistics: [DefaultContextCache@35c344ce size = 1, maxSize = 32, parentContextCount = 0, hitCount = 10, missCount = 1, failureCount = 0]
2025-07-02T23:03:05.855-03:00 DEBUG 9660 --- [Sistema de GestÃ£o AcadÃªmica] [           main] org.springframework.test.context.cache   : Spring test ApplicationContext cache statistics: [DefaultContextCache@35c344ce size = 1, maxSize = 32, parentContextCount = 0, hitCount = 11, missCount = 1, failureCount = 0]
2025-07-02T23:03:05.855-03:00 DEBUG 9660 --- [Sistema de GestÃ£o AcadÃªmica] [           main] .c.s.DirtiesContextTestExecutionListener : After test method: class [MeuprimeirospringbootApplicationTests], method [contextLoads], class annotated with @DirtiesContext [false] with mode [null], method annotated with @DirtiesContext [false] with mode [null]
2025-07-02T23:03:05.855-03:00 DEBUG 9660 --- [Sistema de GestÃ£o AcadÃªmica] [           main] o.s.t.c.w.ServletTestExecutionListener   : Resetting RequestContextHolder for test class br.edu.ifce.meuprimeirospringboot.MeuprimeirospringbootApplicationTests
]]></system-out>
  </testcase>
</testsuite>